[LOG] 2014-06-03 15:41:05,456 - org.springframework.beans.factory.xml.XmlBeanDefinitionReader -435  [main] INFO  org.springframework.beans.factory.xml.XmlBeanDefinitionReader  - Loading XML bean definitions from class path resource [ApplicationContext.xml]
[LOG] 2014-06-03 15:41:06,714 - org.springframework.beans.factory.xml.XmlBeanDefinitionReader -1693 [main] INFO  org.springframework.beans.factory.xml.XmlBeanDefinitionReader  - Loading XML bean definitions from class path resource [spring-data.xml]
[LOG] 2014-06-03 15:41:07,146 - org.springframework.beans.factory.support.DefaultListableBeanFactory -2125 [main] INFO  org.springframework.beans.factory.support.DefaultListableBeanFactory  - Overriding bean definition for bean 'personEducationDao': replacing [Root bean: class [org.springframework.data.jpa.repository.support.JpaRepositoryFactoryBean]; scope=; abstract=false; lazyInit=false; autowireMode=0; dependencyCheck=0; autowireCandidate=true; primary=false; factoryBeanName=null; factoryMethodName=null; initMethodName=null; destroyMethodName=null] with [Root bean: class [org.springframework.data.jpa.repository.support.JpaRepositoryFactoryBean]; scope=; abstract=false; lazyInit=false; autowireMode=0; dependencyCheck=0; autowireCandidate=true; primary=false; factoryBeanName=null; factoryMethodName=null; initMethodName=null; destroyMethodName=null]
[LOG] 2014-06-03 15:41:07,147 - org.springframework.beans.factory.support.DefaultListableBeanFactory -2126 [main] INFO  org.springframework.beans.factory.support.DefaultListableBeanFactory  - Overriding bean definition for bean 'employeePostTransactionDao': replacing [Root bean: class [org.springframework.data.jpa.repository.support.JpaRepositoryFactoryBean]; scope=; abstract=false; lazyInit=false; autowireMode=0; dependencyCheck=0; autowireCandidate=true; primary=false; factoryBeanName=null; factoryMethodName=null; initMethodName=null; destroyMethodName=null] with [Root bean: class [org.springframework.data.jpa.repository.support.JpaRepositoryFactoryBean]; scope=; abstract=false; lazyInit=false; autowireMode=0; dependencyCheck=0; autowireCandidate=true; primary=false; factoryBeanName=null; factoryMethodName=null; initMethodName=null; destroyMethodName=null]
[LOG] 2014-06-03 15:41:07,147 - org.springframework.beans.factory.support.DefaultListableBeanFactory -2126 [main] INFO  org.springframework.beans.factory.support.DefaultListableBeanFactory  - Overriding bean definition for bean 'personDao': replacing [Root bean: class [org.springframework.data.jpa.repository.support.JpaRepositoryFactoryBean]; scope=; abstract=false; lazyInit=false; autowireMode=0; dependencyCheck=0; autowireCandidate=true; primary=false; factoryBeanName=null; factoryMethodName=null; initMethodName=null; destroyMethodName=null] with [Root bean: class [org.springframework.data.jpa.repository.support.JpaRepositoryFactoryBean]; scope=; abstract=false; lazyInit=false; autowireMode=0; dependencyCheck=0; autowireCandidate=true; primary=false; factoryBeanName=null; factoryMethodName=null; initMethodName=null; destroyMethodName=null]
[LOG] 2014-06-03 15:41:07,147 - org.springframework.beans.factory.support.DefaultListableBeanFactory -2126 [main] INFO  org.springframework.beans.factory.support.DefaultListableBeanFactory  - Overriding bean definition for bean 'personSocialRelationshipDao': replacing [Root bean: class [org.springframework.data.jpa.repository.support.JpaRepositoryFactoryBean]; scope=; abstract=false; lazyInit=false; autowireMode=0; dependencyCheck=0; autowireCandidate=true; primary=false; factoryBeanName=null; factoryMethodName=null; initMethodName=null; destroyMethodName=null] with [Root bean: class [org.springframework.data.jpa.repository.support.JpaRepositoryFactoryBean]; scope=; abstract=false; lazyInit=false; autowireMode=0; dependencyCheck=0; autowireCandidate=true; primary=false; factoryBeanName=null; factoryMethodName=null; initMethodName=null; destroyMethodName=null]
[LOG] 2014-06-03 15:41:07,148 - org.springframework.beans.factory.support.DefaultListableBeanFactory -2127 [main] INFO  org.springframework.beans.factory.support.DefaultListableBeanFactory  - Overriding bean definition for bean 'personWorkExperienceDao': replacing [Root bean: class [org.springframework.data.jpa.repository.support.JpaRepositoryFactoryBean]; scope=; abstract=false; lazyInit=false; autowireMode=0; dependencyCheck=0; autowireCandidate=true; primary=false; factoryBeanName=null; factoryMethodName=null; initMethodName=null; destroyMethodName=null] with [Root bean: class [org.springframework.data.jpa.repository.support.JpaRepositoryFactoryBean]; scope=; abstract=false; lazyInit=false; autowireMode=0; dependencyCheck=0; autowireCandidate=true; primary=false; factoryBeanName=null; factoryMethodName=null; initMethodName=null; destroyMethodName=null]
[LOG] 2014-06-03 15:41:07,155 - org.springframework.beans.factory.support.DefaultListableBeanFactory -2134 [main] INFO  org.springframework.beans.factory.support.DefaultListableBeanFactory  - Overriding bean definition for bean 'paramDao': replacing [Root bean: class [org.springframework.data.jpa.repository.support.JpaRepositoryFactoryBean]; scope=; abstract=false; lazyInit=false; autowireMode=0; dependencyCheck=0; autowireCandidate=true; primary=false; factoryBeanName=null; factoryMethodName=null; initMethodName=null; destroyMethodName=null] with [Root bean: class [org.springframework.data.jpa.repository.support.JpaRepositoryFactoryBean]; scope=; abstract=false; lazyInit=false; autowireMode=0; dependencyCheck=0; autowireCandidate=true; primary=false; factoryBeanName=null; factoryMethodName=null; initMethodName=null; destroyMethodName=null]
[LOG] 2014-06-03 15:41:07,156 - org.springframework.beans.factory.support.DefaultListableBeanFactory -2135 [main] INFO  org.springframework.beans.factory.support.DefaultListableBeanFactory  - Overriding bean definition for bean 'personCertificateDao': replacing [Root bean: class [org.springframework.data.jpa.repository.support.JpaRepositoryFactoryBean]; scope=; abstract=false; lazyInit=false; autowireMode=0; dependencyCheck=0; autowireCandidate=true; primary=false; factoryBeanName=null; factoryMethodName=null; initMethodName=null; destroyMethodName=null] with [Root bean: class [org.springframework.data.jpa.repository.support.JpaRepositoryFactoryBean]; scope=; abstract=false; lazyInit=false; autowireMode=0; dependencyCheck=0; autowireCandidate=true; primary=false; factoryBeanName=null; factoryMethodName=null; initMethodName=null; destroyMethodName=null]
[LOG] 2014-06-03 15:41:07,156 - org.springframework.beans.factory.support.DefaultListableBeanFactory -2135 [main] INFO  org.springframework.beans.factory.support.DefaultListableBeanFactory  - Overriding bean definition for bean 'employeeSalaryInfoDao': replacing [Root bean: class [org.springframework.data.jpa.repository.support.JpaRepositoryFactoryBean]; scope=; abstract=false; lazyInit=false; autowireMode=0; dependencyCheck=0; autowireCandidate=true; primary=false; factoryBeanName=null; factoryMethodName=null; initMethodName=null; destroyMethodName=null] with [Root bean: class [org.springframework.data.jpa.repository.support.JpaRepositoryFactoryBean]; scope=; abstract=false; lazyInit=false; autowireMode=0; dependencyCheck=0; autowireCandidate=true; primary=false; factoryBeanName=null; factoryMethodName=null; initMethodName=null; destroyMethodName=null]
[LOG] 2014-06-03 15:41:07,156 - org.springframework.beans.factory.support.DefaultListableBeanFactory -2135 [main] INFO  org.springframework.beans.factory.support.DefaultListableBeanFactory  - Overriding bean definition for bean 'employeeAssessmentDao': replacing [Root bean: class [org.springframework.data.jpa.repository.support.JpaRepositoryFactoryBean]; scope=; abstract=false; lazyInit=false; autowireMode=0; dependencyCheck=0; autowireCandidate=true; primary=false; factoryBeanName=null; factoryMethodName=null; initMethodName=null; destroyMethodName=null] with [Root bean: class [org.springframework.data.jpa.repository.support.JpaRepositoryFactoryBean]; scope=; abstract=false; lazyInit=false; autowireMode=0; dependencyCheck=0; autowireCandidate=true; primary=false; factoryBeanName=null; factoryMethodName=null; initMethodName=null; destroyMethodName=null]
[LOG] 2014-06-03 15:41:07,157 - org.springframework.beans.factory.support.DefaultListableBeanFactory -2136 [main] INFO  org.springframework.beans.factory.support.DefaultListableBeanFactory  - Overriding bean definition for bean 'employeeContractDao': replacing [Root bean: class [org.springframework.data.jpa.repository.support.JpaRepositoryFactoryBean]; scope=; abstract=false; lazyInit=false; autowireMode=0; dependencyCheck=0; autowireCandidate=true; primary=false; factoryBeanName=null; factoryMethodName=null; initMethodName=null; destroyMethodName=null] with [Root bean: class [org.springframework.data.jpa.repository.support.JpaRepositoryFactoryBean]; scope=; abstract=false; lazyInit=false; autowireMode=0; dependencyCheck=0; autowireCandidate=true; primary=false; factoryBeanName=null; factoryMethodName=null; initMethodName=null; destroyMethodName=null]
[LOG] 2014-06-03 15:41:07,157 - org.springframework.beans.factory.support.DefaultListableBeanFactory -2136 [main] INFO  org.springframework.beans.factory.support.DefaultListableBeanFactory  - Overriding bean definition for bean 'employeeBankInfoDao': replacing [Root bean: class [org.springframework.data.jpa.repository.support.JpaRepositoryFactoryBean]; scope=; abstract=false; lazyInit=false; autowireMode=0; dependencyCheck=0; autowireCandidate=true; primary=false; factoryBeanName=null; factoryMethodName=null; initMethodName=null; destroyMethodName=null] with [Root bean: class [org.springframework.data.jpa.repository.support.JpaRepositoryFactoryBean]; scope=; abstract=false; lazyInit=false; autowireMode=0; dependencyCheck=0; autowireCandidate=true; primary=false; factoryBeanName=null; factoryMethodName=null; initMethodName=null; destroyMethodName=null]
[LOG] 2014-06-03 15:41:07,157 - org.springframework.beans.factory.support.DefaultListableBeanFactory -2136 [main] INFO  org.springframework.beans.factory.support.DefaultListableBeanFactory  - Overriding bean definition for bean 'employeeEventDao': replacing [Root bean: class [org.springframework.data.jpa.repository.support.JpaRepositoryFactoryBean]; scope=; abstract=false; lazyInit=false; autowireMode=0; dependencyCheck=0; autowireCandidate=true; primary=false; factoryBeanName=null; factoryMethodName=null; initMethodName=null; destroyMethodName=null] with [Root bean: class [org.springframework.data.jpa.repository.support.JpaRepositoryFactoryBean]; scope=; abstract=false; lazyInit=false; autowireMode=0; dependencyCheck=0; autowireCandidate=true; primary=false; factoryBeanName=null; factoryMethodName=null; initMethodName=null; destroyMethodName=null]
[LOG] 2014-06-03 15:41:07,158 - org.springframework.beans.factory.support.DefaultListableBeanFactory -2137 [main] INFO  org.springframework.beans.factory.support.DefaultListableBeanFactory  - Overriding bean definition for bean 'employeeSalaryDao': replacing [Root bean: class [org.springframework.data.jpa.repository.support.JpaRepositoryFactoryBean]; scope=; abstract=false; lazyInit=false; autowireMode=0; dependencyCheck=0; autowireCandidate=true; primary=false; factoryBeanName=null; factoryMethodName=null; initMethodName=null; destroyMethodName=null] with [Root bean: class [org.springframework.data.jpa.repository.support.JpaRepositoryFactoryBean]; scope=; abstract=false; lazyInit=false; autowireMode=0; dependencyCheck=0; autowireCandidate=true; primary=false; factoryBeanName=null; factoryMethodName=null; initMethodName=null; destroyMethodName=null]
[LOG] 2014-06-03 15:41:07,158 - org.springframework.beans.factory.support.DefaultListableBeanFactory -2137 [main] INFO  org.springframework.beans.factory.support.DefaultListableBeanFactory  - Overriding bean definition for bean 'employeeRewardsPunishmentDao': replacing [Root bean: class [org.springframework.data.jpa.repository.support.JpaRepositoryFactoryBean]; scope=; abstract=false; lazyInit=false; autowireMode=0; dependencyCheck=0; autowireCandidate=true; primary=false; factoryBeanName=null; factoryMethodName=null; initMethodName=null; destroyMethodName=null] with [Root bean: class [org.springframework.data.jpa.repository.support.JpaRepositoryFactoryBean]; scope=; abstract=false; lazyInit=false; autowireMode=0; dependencyCheck=0; autowireCandidate=true; primary=false; factoryBeanName=null; factoryMethodName=null; initMethodName=null; destroyMethodName=null]
[LOG] 2014-06-03 15:41:07,159 - org.springframework.beans.factory.support.DefaultListableBeanFactory -2138 [main] INFO  org.springframework.beans.factory.support.DefaultListableBeanFactory  - Overriding bean definition for bean 'employeeSalaryAdjustmentDao': replacing [Root bean: class [org.springframework.data.jpa.repository.support.JpaRepositoryFactoryBean]; scope=; abstract=false; lazyInit=false; autowireMode=0; dependencyCheck=0; autowireCandidate=true; primary=false; factoryBeanName=null; factoryMethodName=null; initMethodName=null; destroyMethodName=null] with [Root bean: class [org.springframework.data.jpa.repository.support.JpaRepositoryFactoryBean]; scope=; abstract=false; lazyInit=false; autowireMode=0; dependencyCheck=0; autowireCandidate=true; primary=false; factoryBeanName=null; factoryMethodName=null; initMethodName=null; destroyMethodName=null]
[LOG] 2014-06-03 15:41:07,159 - org.springframework.beans.factory.support.DefaultListableBeanFactory -2138 [main] INFO  org.springframework.beans.factory.support.DefaultListableBeanFactory  - Overriding bean definition for bean 'employeeDao': replacing [Root bean: class [org.springframework.data.jpa.repository.support.JpaRepositoryFactoryBean]; scope=; abstract=false; lazyInit=false; autowireMode=0; dependencyCheck=0; autowireCandidate=true; primary=false; factoryBeanName=null; factoryMethodName=null; initMethodName=null; destroyMethodName=null] with [Root bean: class [org.springframework.data.jpa.repository.support.JpaRepositoryFactoryBean]; scope=; abstract=false; lazyInit=false; autowireMode=0; dependencyCheck=0; autowireCandidate=true; primary=false; factoryBeanName=null; factoryMethodName=null; initMethodName=null; destroyMethodName=null]
[LOG] 2014-06-03 15:41:07,168 - org.springframework.web.context.support.GenericWebApplicationContext -2147 [main] INFO  org.springframework.web.context.support.GenericWebApplicationContext  - Refreshing org.springframework.web.context.support.GenericWebApplicationContext@7a4eac67: startup date [Tue Jun 03 15:41:07 CST 2014]; root of context hierarchy
[LOG] 2014-06-03 15:41:07,738 - org.springframework.beans.factory.config.PropertyPlaceholderConfigurer -2717 [main] INFO  org.springframework.beans.factory.config.PropertyPlaceholderConfigurer  - Loading properties file from class path resource [jdbc.properties]
[LOG] 2014-06-03 15:41:08,189 - org.springframework.orm.jpa.LocalContainerEntityManagerFactoryBean -3168 [main] INFO  org.springframework.orm.jpa.LocalContainerEntityManagerFactoryBean  - Building JPA container EntityManagerFactory for persistence unit 'default'
[LOG] 2014-06-03 15:41:08,524 - org.hibernate.annotations.common.Version -3503 [main] INFO  org.hibernate.annotations.common.Version  - HCANN000001: Hibernate Commons Annotations {4.0.2.Final}
[LOG] 2014-06-03 15:41:08,540 - org.hibernate.Version -3519 [main] INFO  org.hibernate.Version  - HHH000412: Hibernate Core {4.2.12.Final}
[LOG] 2014-06-03 15:41:08,545 - org.hibernate.cfg.Environment -3524 [main] INFO  org.hibernate.cfg.Environment  - HHH000206: hibernate.properties not found
[LOG] 2014-06-03 15:41:08,550 - org.hibernate.cfg.Environment -3529 [main] INFO  org.hibernate.cfg.Environment  - HHH000021: Bytecode provider name : javassist
[LOG] 2014-06-03 15:41:08,842 - org.hibernate.service.jdbc.connections.internal.ConnectionProviderInitiator -3821 [main] INFO  org.hibernate.service.jdbc.connections.internal.ConnectionProviderInitiator  - HHH000130: Instantiating explicit connection provider: org.hibernate.ejb.connection.InjectedDataSourceConnectionProvider
[LOG] 2014-06-03 15:41:09,462 - org.hibernate.dialect.Dialect -4441 [main] INFO  org.hibernate.dialect.Dialect  - HHH000400: Using dialect: org.hibernate.dialect.MySQL5InnoDBDialect
[LOG] 2014-06-03 15:41:10,306 - org.hibernate.engine.transaction.internal.TransactionFactoryInitiator -5285 [main] INFO  org.hibernate.engine.transaction.internal.TransactionFactoryInitiator  - HHH000268: Transaction strategy: org.hibernate.engine.transaction.internal.jdbc.JdbcTransactionFactory
[LOG] 2014-06-03 15:41:10,317 - org.hibernate.hql.internal.ast.ASTQueryTranslatorFactory -5296 [main] INFO  org.hibernate.hql.internal.ast.ASTQueryTranslatorFactory  - HHH000397: Using ASTQueryTranslatorFactory
[LOG] 2014-06-03 15:41:10,407 - org.hibernate.validator.internal.util.Version -5386 [main] INFO  org.hibernate.validator.internal.util.Version  - HV000001: Hibernate Validator 4.3.1.Final
[LOG] 2014-06-03 15:41:11,758 - org.hibernate.tool.hbm2ddl.SchemaUpdate -6737 [main] INFO  org.hibernate.tool.hbm2ddl.SchemaUpdate  - HHH000228: Running hbm2ddl schema update
[LOG] 2014-06-03 15:41:11,758 - org.hibernate.tool.hbm2ddl.SchemaUpdate -6737 [main] INFO  org.hibernate.tool.hbm2ddl.SchemaUpdate  - HHH000102: Fetching database metadata
[LOG] 2014-06-03 15:41:11,762 - org.hibernate.tool.hbm2ddl.SchemaUpdate -6741 [main] INFO  org.hibernate.tool.hbm2ddl.SchemaUpdate  - HHH000396: Updating schema
[LOG] 2014-06-03 15:41:11,794 - org.hibernate.tool.hbm2ddl.TableMetadata -6773 [main] INFO  org.hibernate.tool.hbm2ddl.TableMetadata  - HHH000261: Table found: haisodb0418.empl_dept
[LOG] 2014-06-03 15:41:11,794 - org.hibernate.tool.hbm2ddl.TableMetadata -6773 [main] INFO  org.hibernate.tool.hbm2ddl.TableMetadata  - HHH000037: Columns: [departmentset_id, t_employee_id]
[LOG] 2014-06-03 15:41:11,794 - org.hibernate.tool.hbm2ddl.TableMetadata -6773 [main] INFO  org.hibernate.tool.hbm2ddl.TableMetadata  - HHH000108: Foreign keys: [fk_tjay2is262q39jfy6knhyol97, fk_mlsbrts1bkynnmf38hhuis5fm]
[LOG] 2014-06-03 15:41:11,795 - org.hibernate.tool.hbm2ddl.TableMetadata -6774 [main] INFO  org.hibernate.tool.hbm2ddl.TableMetadata  - HHH000126: Indexes: [fk_tjay2is262q39jfy6knhyol97, primary, fk_mlsbrts1bkynnmf38hhuis5fm]
[LOG] 2014-06-03 15:41:11,804 - org.hibernate.tool.hbm2ddl.TableMetadata -6783 [main] INFO  org.hibernate.tool.hbm2ddl.TableMetadata  - HHH000261: Table found: haisodb0418.empl_post
[LOG] 2014-06-03 15:41:11,804 - org.hibernate.tool.hbm2ddl.TableMetadata -6783 [main] INFO  org.hibernate.tool.hbm2ddl.TableMetadata  - HHH000037: Columns: [positionset_id, t_employee_id]
[LOG] 2014-06-03 15:41:11,805 - org.hibernate.tool.hbm2ddl.TableMetadata -6784 [main] INFO  org.hibernate.tool.hbm2ddl.TableMetadata  - HHH000108: Foreign keys: [fk_7lpwc54t5iixjgxq7037xgkex, fk_9ehu89ovkrhgnbq565ok5tbic]
[LOG] 2014-06-03 15:41:11,805 - org.hibernate.tool.hbm2ddl.TableMetadata -6784 [main] INFO  org.hibernate.tool.hbm2ddl.TableMetadata  - HHH000126: Indexes: [fk_7lpwc54t5iixjgxq7037xgkex, fk_9ehu89ovkrhgnbq565ok5tbic, primary]
[LOG] 2014-06-03 15:41:11,817 - org.hibernate.tool.hbm2ddl.TableMetadata -6796 [main] INFO  org.hibernate.tool.hbm2ddl.TableMetadata  - HHH000261: Table found: haisodb0418.t_department
[LOG] 2014-06-03 15:41:11,818 - org.hibernate.tool.hbm2ddl.TableMetadata -6797 [main] INFO  org.hibernate.tool.hbm2ddl.TableMetadata  - HHH000037: Columns: [parent_dept, created_by, id, is_child, updated_at, duty, description, name, dept_sn, updated_by, created_at, version]
[LOG] 2014-06-03 15:41:11,818 - org.hibernate.tool.hbm2ddl.TableMetadata -6797 [main] INFO  org.hibernate.tool.hbm2ddl.TableMetadata  - HHH000108: Foreign keys: [fk_26u3k3fxtat25tueiw8e1qdry]
[LOG] 2014-06-03 15:41:11,818 - org.hibernate.tool.hbm2ddl.TableMetadata -6797 [main] INFO  org.hibernate.tool.hbm2ddl.TableMetadata  - HHH000126: Indexes: [primary, fk_26u3k3fxtat25tueiw8e1qdry]
[LOG] 2014-06-03 15:41:11,837 - org.hibernate.tool.hbm2ddl.TableMetadata -6816 [main] INFO  org.hibernate.tool.hbm2ddl.TableMetadata  - HHH000261: Table found: haisodb0418.t_empl_assess
[LOG] 2014-06-03 15:41:11,837 - org.hibernate.tool.hbm2ddl.TableMetadata -6816 [main] INFO  org.hibernate.tool.hbm2ddl.TableMetadata  - HHH000037: Columns: [content, id, title, end_at, score, empl_sn, start_at, qualify, conclusion, comment, version]
[LOG] 2014-06-03 15:41:11,837 - org.hibernate.tool.hbm2ddl.TableMetadata -6816 [main] INFO  org.hibernate.tool.hbm2ddl.TableMetadata  - HHH000108: Foreign keys: [fk_rdr7yomvin462gk4pa04q7rvh]
[LOG] 2014-06-03 15:41:11,837 - org.hibernate.tool.hbm2ddl.TableMetadata -6816 [main] INFO  org.hibernate.tool.hbm2ddl.TableMetadata  - HHH000126: Indexes: [primary, fk_rdr7yomvin462gk4pa04q7rvh]
[LOG] 2014-06-03 15:41:11,858 - org.hibernate.tool.hbm2ddl.TableMetadata -6837 [main] INFO  org.hibernate.tool.hbm2ddl.TableMetadata  - HHH000261: Table found: haisodb0418.t_empl_bankinfo
[LOG] 2014-06-03 15:41:11,858 - org.hibernate.tool.hbm2ddl.TableMetadata -6837 [main] INFO  org.hibernate.tool.hbm2ddl.TableMetadata  - HHH000037: Columns: [acc_owner, id, last_update, cardpic_path, create_date, bankcard_num, empl_sn, version_lock, acc_bank]
[LOG] 2014-06-03 15:41:11,858 - org.hibernate.tool.hbm2ddl.TableMetadata -6837 [main] INFO  org.hibernate.tool.hbm2ddl.TableMetadata  - HHH000108: Foreign keys: [fk_hj8foms78sjr8d4vy24ryw0hx]
[LOG] 2014-06-03 15:41:11,858 - org.hibernate.tool.hbm2ddl.TableMetadata -6837 [main] INFO  org.hibernate.tool.hbm2ddl.TableMetadata  - HHH000126: Indexes: [fk_hj8foms78sjr8d4vy24ryw0hx, uk_hj8foms78sjr8d4vy24ryw0hx, primary]
[LOG] 2014-06-03 15:41:11,867 - org.hibernate.tool.hbm2ddl.TableMetadata -6846 [main] INFO  org.hibernate.tool.hbm2ddl.TableMetadata  - HHH000261: Table found: haisodb0418.t_empl_contract
[LOG] 2014-06-03 15:41:11,867 - org.hibernate.tool.hbm2ddl.TableMetadata -6846 [main] INFO  org.hibernate.tool.hbm2ddl.TableMetadata  - HHH000037: Columns: [id, remark, location, contract_sn, empl_sn, contract_date, expiry_date, version]
[LOG] 2014-06-03 15:41:11,867 - org.hibernate.tool.hbm2ddl.TableMetadata -6846 [main] INFO  org.hibernate.tool.hbm2ddl.TableMetadata  - HHH000108: Foreign keys: [fk_ny54ha7j0ucbgd8mhurt76qnk]
[LOG] 2014-06-03 15:41:11,867 - org.hibernate.tool.hbm2ddl.TableMetadata -6846 [main] INFO  org.hibernate.tool.hbm2ddl.TableMetadata  - HHH000126: Indexes: [fk_ny54ha7j0ucbgd8mhurt76qnk, primary]
[LOG] 2014-06-03 15:41:11,884 - org.hibernate.tool.hbm2ddl.TableMetadata -6863 [main] INFO  org.hibernate.tool.hbm2ddl.TableMetadata  - HHH000261: Table found: haisodb0418.t_empl_event
[LOG] 2014-06-03 15:41:11,884 - org.hibernate.tool.hbm2ddl.TableMetadata -6863 [main] INFO  org.hibernate.tool.hbm2ddl.TableMetadata  - HHH000037: Columns: [com_leader, com_opinion, date_start, progress_percent, dept_date, dept_opinion, version, dept_leader, id, date_end, hr_date, event_manager, create_date, hr_opinion, hr_leader, empl_sn, com_date]
[LOG] 2014-06-03 15:41:11,885 - org.hibernate.tool.hbm2ddl.TableMetadata -6864 [main] INFO  org.hibernate.tool.hbm2ddl.TableMetadata  - HHH000108: Foreign keys: [fk_c9k4a9i2hnixljlvjy9itqvw, fk_h2672rn3psx74ajfe2icpf9b6, fk_ehhg8g913bbwkismvtrss4b5h, fk_a4qp0ktk2scqq03vkmn38dn7q, fk_7rvdsmwcby5x3pmioxvybne6q]
[LOG] 2014-06-03 15:41:11,885 - org.hibernate.tool.hbm2ddl.TableMetadata -6864 [main] INFO  org.hibernate.tool.hbm2ddl.TableMetadata  - HHH000126: Indexes: [fk_c9k4a9i2hnixljlvjy9itqvw, fk_ehhg8g913bbwkismvtrss4b5h, fk_h2672rn3psx74ajfe2icpf9b6, primary, fk_a4qp0ktk2scqq03vkmn38dn7q, fk_7rvdsmwcby5x3pmioxvybne6q]
[LOG] 2014-06-03 15:41:11,901 - org.hibernate.tool.hbm2ddl.TableMetadata -6880 [main] INFO  org.hibernate.tool.hbm2ddl.TableMetadata  - HHH000261: Table found: haisodb0418.t_empl_pos_tx
[LOG] 2014-06-03 15:41:11,901 - org.hibernate.tool.hbm2ddl.TableMetadata -6880 [main] INFO  org.hibernate.tool.hbm2ddl.TableMetadata  - HHH000037: Columns: [com_leader, to_post, manager, com_opinion, deptto_date, remark, deptfrm_date, deptfrm_opinion, empl_id, deptto_leader, version, id, hr_date, tx_date, deptfrm_leader, hr_opinion, from_post, hr_leader, com_date, deptto_opinion]
[LOG] 2014-06-03 15:41:11,902 - org.hibernate.tool.hbm2ddl.TableMetadata -6881 [main] INFO  org.hibernate.tool.hbm2ddl.TableMetadata  - HHH000108: Foreign keys: [fk_1fw82oas18vr27yafbc9psi9, fk_77ex71c9xmr25arl9b971vkvd, fk_17fj1lq7xbm2njq5skfjc5qxu, fk_t2kf3y6inf9733h5fu6uy0h2n, fk_t213ijc1o26gtlfu8hkc8od25, fk_iuj2ygcwlejjn2ja03jy3qyf8, fk_ptq7omlk84m59ml6oncqm6v74, fk_afmd4deqc3c0nlvgba6nyrbdr]
[LOG] 2014-06-03 15:41:11,902 - org.hibernate.tool.hbm2ddl.TableMetadata -6881 [main] INFO  org.hibernate.tool.hbm2ddl.TableMetadata  - HHH000126: Indexes: [fk_1fw82oas18vr27yafbc9psi9, fk_t2kf3y6inf9733h5fu6uy0h2n, fk_17fj1lq7xbm2njq5skfjc5qxu, fk_77ex71c9xmr25arl9b971vkvd, primary, fk_iuj2ygcwlejjn2ja03jy3qyf8, fk_t213ijc1o26gtlfu8hkc8od25, fk_ptq7omlk84m59ml6oncqm6v74, fk_afmd4deqc3c0nlvgba6nyrbdr]
[LOG] 2014-06-03 15:41:11,911 - org.hibernate.tool.hbm2ddl.TableMetadata -6890 [main] INFO  org.hibernate.tool.hbm2ddl.TableMetadata  - HHH000261: Table found: haisodb0418.t_empl_rwpns
[LOG] 2014-06-03 15:41:11,911 - org.hibernate.tool.hbm2ddl.TableMetadata -6890 [main] INFO  org.hibernate.tool.hbm2ddl.TableMetadata  - HHH000037: Columns: [content, id, impl_dept, subject, is_reward, impl_date, empl_id, version]
[LOG] 2014-06-03 15:41:11,911 - org.hibernate.tool.hbm2ddl.TableMetadata -6890 [main] INFO  org.hibernate.tool.hbm2ddl.TableMetadata  - HHH000108: Foreign keys: [fk_cegeqk9p33n9n00ij6bif7ftt, fk_k12oges16ewqum2owkwwsg8ne]
[LOG] 2014-06-03 15:41:11,911 - org.hibernate.tool.hbm2ddl.TableMetadata -6890 [main] INFO  org.hibernate.tool.hbm2ddl.TableMetadata  - HHH000126: Indexes: [fk_cegeqk9p33n9n00ij6bif7ftt, primary, fk_k12oges16ewqum2owkwwsg8ne]
[LOG] 2014-06-03 15:41:11,928 - org.hibernate.tool.hbm2ddl.TableMetadata -6907 [main] INFO  org.hibernate.tool.hbm2ddl.TableMetadata  - HHH000261: Table found: haisodb0418.t_empl_salary
[LOG] 2014-06-03 15:41:11,928 - org.hibernate.tool.hbm2ddl.TableMetadata -6907 [main] INFO  org.hibernate.tool.hbm2ddl.TableMetadata  - HHH000037: Columns: [fee_water, allo_meal, allo_child, pay_attendance, dues_union, pay_callback, allo_educate, insu_medical, fund_house, pay_regular, subs_rent, cost_rent, tax_stamp, fee_coultant, id, pay_seniority, fee_union, insu_pension, fee_electric, pay_post, allo_duty, fee_gas, period_end, real_salary, tax_income, fee_property, insu_unempl, person_id, period_start, allo_health, subsidy, pay_merit, pay_watcher, perquisite, bonus, insu_lqmed]
[LOG] 2014-06-03 15:41:11,928 - org.hibernate.tool.hbm2ddl.TableMetadata -6907 [main] INFO  org.hibernate.tool.hbm2ddl.TableMetadata  - HHH000108: Foreign keys: [fk_q38ewx6edufweu39hxy1ing6m]
[LOG] 2014-06-03 15:41:11,928 - org.hibernate.tool.hbm2ddl.TableMetadata -6907 [main] INFO  org.hibernate.tool.hbm2ddl.TableMetadata  - HHH000126: Indexes: [primary, fk_q38ewx6edufweu39hxy1ing6m]
[LOG] 2014-06-03 15:41:11,938 - org.hibernate.tool.hbm2ddl.TableMetadata -6917 [main] INFO  org.hibernate.tool.hbm2ddl.TableMetadata  - HHH000261: Table found: haisodb0418.t_empl_salary_adjust
[LOG] 2014-06-03 15:41:11,938 - org.hibernate.tool.hbm2ddl.TableMetadata -6917 [main] INFO  org.hibernate.tool.hbm2ddl.TableMetadata  - HHH000037: Columns: [amount, id, last_update, create_date, remark, time_adjust, empl_sn, version_lock]
[LOG] 2014-06-03 15:41:11,938 - org.hibernate.tool.hbm2ddl.TableMetadata -6917 [main] INFO  org.hibernate.tool.hbm2ddl.TableMetadata  - HHH000108: Foreign keys: [fk_rab1v8wr4nf10sdgwsr27dh6b]
[LOG] 2014-06-03 15:41:11,938 - org.hibernate.tool.hbm2ddl.TableMetadata -6917 [main] INFO  org.hibernate.tool.hbm2ddl.TableMetadata  - HHH000126: Indexes: [fk_rab1v8wr4nf10sdgwsr27dh6b, primary]
[LOG] 2014-06-03 15:41:11,959 - org.hibernate.tool.hbm2ddl.TableMetadata -6938 [main] INFO  org.hibernate.tool.hbm2ddl.TableMetadata  - HHH000261: Table found: haisodb0418.t_empl_salary_info
[LOG] 2014-06-03 15:41:11,959 - org.hibernate.tool.hbm2ddl.TableMetadata -6938 [main] INFO  org.hibernate.tool.hbm2ddl.TableMetadata  - HHH000037: Columns: [lsn_insumed, is_post, lsn_fundhouse, by_time, lsn_insupesn, version_lock, ratio_eval, id, last_update, create_date, ratio_prepay, by_piece, empl_sn, lsn_insulqmed]
[LOG] 2014-06-03 15:41:11,959 - org.hibernate.tool.hbm2ddl.TableMetadata -6938 [main] INFO  org.hibernate.tool.hbm2ddl.TableMetadata  - HHH000108: Foreign keys: [fk_nu04nciu2vr3nw0jtpdsu5wh3]
[LOG] 2014-06-03 15:41:11,959 - org.hibernate.tool.hbm2ddl.TableMetadata -6938 [main] INFO  org.hibernate.tool.hbm2ddl.TableMetadata  - HHH000126: Indexes: [primary, fk_nu04nciu2vr3nw0jtpdsu5wh3]
[LOG] 2014-06-03 15:41:11,980 - org.hibernate.tool.hbm2ddl.TableMetadata -6959 [main] INFO  org.hibernate.tool.hbm2ddl.TableMetadata  - HHH000261: Table found: haisodb0418.t_employee
[LOG] 2014-06-03 15:41:11,981 - org.hibernate.tool.hbm2ddl.TableMetadata -6960 [main] INFO  org.hibernate.tool.hbm2ddl.TableMetadata  - HHH000037: Columns: [created_by, id, level, updated_at, person_id, status, sequence, empl_sn, updated_by, created_at, introduction, version]
[LOG] 2014-06-03 15:41:11,981 - org.hibernate.tool.hbm2ddl.TableMetadata -6960 [main] INFO  org.hibernate.tool.hbm2ddl.TableMetadata  - HHH000108: Foreign keys: [fk_pae93txu2fenecdbm4kl1k7iw]
[LOG] 2014-06-03 15:41:11,981 - org.hibernate.tool.hbm2ddl.TableMetadata -6960 [main] INFO  org.hibernate.tool.hbm2ddl.TableMetadata  - HHH000126: Indexes: [primary, uk_pae93txu2fenecdbm4kl1k7iw, fk_pae93txu2fenecdbm4kl1k7iw]
[LOG] 2014-06-03 15:41:11,997 - org.hibernate.tool.hbm2ddl.TableMetadata -6976 [main] INFO  org.hibernate.tool.hbm2ddl.TableMetadata  - HHH000261: Table found: haisodb0418.t_log
[LOG] 2014-06-03 15:41:11,997 - org.hibernate.tool.hbm2ddl.TableMetadata -6976 [main] INFO  org.hibernate.tool.hbm2ddl.TableMetadata  - HHH000037: Columns: [id, version]
[LOG] 2014-06-03 15:41:11,997 - org.hibernate.tool.hbm2ddl.TableMetadata -6976 [main] INFO  org.hibernate.tool.hbm2ddl.TableMetadata  - HHH000108: Foreign keys: []
[LOG] 2014-06-03 15:41:11,997 - org.hibernate.tool.hbm2ddl.TableMetadata -6976 [main] INFO  org.hibernate.tool.hbm2ddl.TableMetadata  - HHH000126: Indexes: [primary]
[LOG] 2014-06-03 15:41:12,012 - org.hibernate.tool.hbm2ddl.TableMetadata -6991 [main] INFO  org.hibernate.tool.hbm2ddl.TableMetadata  - HHH000261: Table found: haisodb0418.t_med_exam
[LOG] 2014-06-03 15:41:12,012 - org.hibernate.tool.hbm2ddl.TableMetadata -6991 [main] INFO  org.hibernate.tool.hbm2ddl.TableMetadata  - HHH000037: Columns: [id, hspl_cncls, person_id, remark, exam_date, cod_cncls, doc_emplsn, hospital, empl_id, version]
[LOG] 2014-06-03 15:41:12,012 - org.hibernate.tool.hbm2ddl.TableMetadata -6991 [main] INFO  org.hibernate.tool.hbm2ddl.TableMetadata  - HHH000108: Foreign keys: [fk_dmb8fuxhru0gvyemy4lb5yfa, fk_owr4arajgldevevx1lwbwjia0, fk_pfm6drx0nf2dc6soobslw12qj]
[LOG] 2014-06-03 15:41:12,012 - org.hibernate.tool.hbm2ddl.TableMetadata -6991 [main] INFO  org.hibernate.tool.hbm2ddl.TableMetadata  - HHH000126: Indexes: [fk_dmb8fuxhru0gvyemy4lb5yfa, fk_owr4arajgldevevx1lwbwjia0, fk_pfm6drx0nf2dc6soobslw12qj, primary]
[LOG] 2014-06-03 15:41:12,019 - org.hibernate.tool.hbm2ddl.TableMetadata -6998 [main] INFO  org.hibernate.tool.hbm2ddl.TableMetadata  - HHH000261: Table found: haisodb0418.t_param
[LOG] 2014-06-03 15:41:12,020 - org.hibernate.tool.hbm2ddl.TableMetadata -6999 [main] INFO  org.hibernate.tool.hbm2ddl.TableMetadata  - HHH000037: Columns: [id, last_update, create_date, description, default_value, explanation, para_value, para_key, version_lock, p_type]
[LOG] 2014-06-03 15:41:12,020 - org.hibernate.tool.hbm2ddl.TableMetadata -6999 [main] INFO  org.hibernate.tool.hbm2ddl.TableMetadata  - HHH000108: Foreign keys: []
[LOG] 2014-06-03 15:41:12,020 - org.hibernate.tool.hbm2ddl.TableMetadata -6999 [main] INFO  org.hibernate.tool.hbm2ddl.TableMetadata  - HHH000126: Indexes: [primary]
[LOG] 2014-06-03 15:41:12,041 - org.hibernate.tool.hbm2ddl.TableMetadata -7020 [main] INFO  org.hibernate.tool.hbm2ddl.TableMetadata  - HHH000261: Table found: haisodb0418.t_person
[LOG] 2014-06-03 15:41:12,041 - org.hibernate.tool.hbm2ddl.TableMetadata -7020 [main] INFO  org.hibernate.tool.hbm2ddl.TableMetadata  - HHH000037: Columns: [sp_phone, phone, idcard_address, last_degree, idcard_num, sp_name, ec_name, idcard_ethnic, hukou_type, join_party_date, photo_path, version, id, married, last_major, weixin, name, ec_phone, updated_by, created_at, valid_until, qq, created_by, idcard_name, partisan, hometown, ec_address, updated_at, valid_start, email, postal_code, idcard_path, issue_auth, idcard_gender, resi_address, last_school, introduction, mobile]
[LOG] 2014-06-03 15:41:12,041 - org.hibernate.tool.hbm2ddl.TableMetadata -7020 [main] INFO  org.hibernate.tool.hbm2ddl.TableMetadata  - HHH000108: Foreign keys: []
[LOG] 2014-06-03 15:41:12,041 - org.hibernate.tool.hbm2ddl.TableMetadata -7020 [main] INFO  org.hibernate.tool.hbm2ddl.TableMetadata  - HHH000126: Indexes: [primary]
[LOG] 2014-06-03 15:41:12,051 - org.hibernate.tool.hbm2ddl.TableMetadata -7030 [main] INFO  org.hibernate.tool.hbm2ddl.TableMetadata  - HHH000261: Table found: haisodb0418.t_position
[LOG] 2014-06-03 15:41:12,051 - org.hibernate.tool.hbm2ddl.TableMetadata -7030 [main] INFO  org.hibernate.tool.hbm2ddl.TableMetadata  - HHH000037: Columns: [created_by, post_sequence, remark, version, id, dept_id, title, updated_at, amount_limit, created_at, updated_by, post_duty, post_sn]
[LOG] 2014-06-03 15:41:12,051 - org.hibernate.tool.hbm2ddl.TableMetadata -7030 [main] INFO  org.hibernate.tool.hbm2ddl.TableMetadata  - HHH000108: Foreign keys: [fk_lw19x8y1kpc78mu26vb670amf]
[LOG] 2014-06-03 15:41:12,051 - org.hibernate.tool.hbm2ddl.TableMetadata -7030 [main] INFO  org.hibernate.tool.hbm2ddl.TableMetadata  - HHH000126: Indexes: [primary, fk_lw19x8y1kpc78mu26vb670amf]
[LOG] 2014-06-03 15:41:12,062 - org.hibernate.tool.hbm2ddl.TableMetadata -7041 [main] INFO  org.hibernate.tool.hbm2ddl.TableMetadata  - HHH000261: Table found: haisodb0418.t_prsn_crtf
[LOG] 2014-06-03 15:41:12,062 - org.hibernate.tool.hbm2ddl.TableMetadata -7041 [main] INFO  org.hibernate.tool.hbm2ddl.TableMetadata  - HHH000037: Columns: [id, authority, person_id, name, crtf_sn, obtain_date, expiry_date, edu_id, version]
[LOG] 2014-06-03 15:41:12,062 - org.hibernate.tool.hbm2ddl.TableMetadata -7041 [main] INFO  org.hibernate.tool.hbm2ddl.TableMetadata  - HHH000108: Foreign keys: [fk_eh08c8g7jamqoc0f82c28e1kw, fk_n8d1o13077cop2vbmaev3cxml]
[LOG] 2014-06-03 15:41:12,062 - org.hibernate.tool.hbm2ddl.TableMetadata -7041 [main] INFO  org.hibernate.tool.hbm2ddl.TableMetadata  - HHH000126: Indexes: [fk_eh08c8g7jamqoc0f82c28e1kw, primary, fk_n8d1o13077cop2vbmaev3cxml]
[LOG] 2014-06-03 15:41:12,070 - org.hibernate.tool.hbm2ddl.TableMetadata -7049 [main] INFO  org.hibernate.tool.hbm2ddl.TableMetadata  - HHH000261: Table found: haisodb0418.t_prsn_edu
[LOG] 2014-06-03 15:41:12,070 - org.hibernate.tool.hbm2ddl.TableMetadata -7049 [main] INFO  org.hibernate.tool.hbm2ddl.TableMetadata  - HHH000037: Columns: [id, end_date, school, degree, person_id, qualify, start_date, major, version]
[LOG] 2014-06-03 15:41:12,070 - org.hibernate.tool.hbm2ddl.TableMetadata -7049 [main] INFO  org.hibernate.tool.hbm2ddl.TableMetadata  - HHH000108: Foreign keys: [fk_o9nr7kkifltui35qxnmpmrlau]
[LOG] 2014-06-03 15:41:12,070 - org.hibernate.tool.hbm2ddl.TableMetadata -7049 [main] INFO  org.hibernate.tool.hbm2ddl.TableMetadata  - HHH000126: Indexes: [primary, fk_o9nr7kkifltui35qxnmpmrlau]
[LOG] 2014-06-03 15:41:12,077 - org.hibernate.tool.hbm2ddl.TableMetadata -7056 [main] INFO  org.hibernate.tool.hbm2ddl.TableMetadata  - HHH000261: Table found: haisodb0418.t_prsn_info
[LOG] 2014-06-03 15:41:12,077 - org.hibernate.tool.hbm2ddl.TableMetadata -7056 [main] INFO  org.hibernate.tool.hbm2ddl.TableMetadata  - HHH000037: Columns: [id, version]
[LOG] 2014-06-03 15:41:12,077 - org.hibernate.tool.hbm2ddl.TableMetadata -7056 [main] INFO  org.hibernate.tool.hbm2ddl.TableMetadata  - HHH000108: Foreign keys: []
[LOG] 2014-06-03 15:41:12,077 - org.hibernate.tool.hbm2ddl.TableMetadata -7056 [main] INFO  org.hibernate.tool.hbm2ddl.TableMetadata  - HHH000126: Indexes: [primary]
[LOG] 2014-06-03 15:41:12,085 - org.hibernate.tool.hbm2ddl.TableMetadata -7064 [main] INFO  org.hibernate.tool.hbm2ddl.TableMetadata  - HHH000261: Table found: haisodb0418.t_prsn_sclrlt
[LOG] 2014-06-03 15:41:12,085 - org.hibernate.tool.hbm2ddl.TableMetadata -7064 [main] INFO  org.hibernate.tool.hbm2ddl.TableMetadata  - HHH000037: Columns: [position, id, phone, person_id, name, company, age, relation, version]
[LOG] 2014-06-03 15:41:12,085 - org.hibernate.tool.hbm2ddl.TableMetadata -7064 [main] INFO  org.hibernate.tool.hbm2ddl.TableMetadata  - HHH000108: Foreign keys: [fk_l5x3er82asx2lrq7ouadgn95o]
[LOG] 2014-06-03 15:41:12,085 - org.hibernate.tool.hbm2ddl.TableMetadata -7064 [main] INFO  org.hibernate.tool.hbm2ddl.TableMetadata  - HHH000126: Indexes: [fk_l5x3er82asx2lrq7ouadgn95o, primary]
[LOG] 2014-06-03 15:41:12,094 - org.hibernate.tool.hbm2ddl.TableMetadata -7073 [main] INFO  org.hibernate.tool.hbm2ddl.TableMetadata  - HHH000261: Table found: haisodb0418.t_prsn_wrkexp
[LOG] 2014-06-03 15:41:12,095 - org.hibernate.tool.hbm2ddl.TableMetadata -7074 [main] INFO  org.hibernate.tool.hbm2ddl.TableMetadata  - HHH000037: Columns: [position, id, end_date, person_id, com_address, com_phone, company, com_email, com_website, start_date, version]
[LOG] 2014-06-03 15:41:12,095 - org.hibernate.tool.hbm2ddl.TableMetadata -7074 [main] INFO  org.hibernate.tool.hbm2ddl.TableMetadata  - HHH000108: Foreign keys: [fk_5rkx5xc773wqoh9k0ab1yeah6]
[LOG] 2014-06-03 15:41:12,095 - org.hibernate.tool.hbm2ddl.TableMetadata -7074 [main] INFO  org.hibernate.tool.hbm2ddl.TableMetadata  - HHH000126: Indexes: [fk_5rkx5xc773wqoh9k0ab1yeah6, primary]
[LOG] 2014-06-03 15:41:12,103 - org.hibernate.tool.hbm2ddl.TableMetadata -7082 [main] INFO  org.hibernate.tool.hbm2ddl.TableMetadata  - HHH000261: Table found: haisodb0418.t_salary_add
[LOG] 2014-06-03 15:41:12,103 - org.hibernate.tool.hbm2ddl.TableMetadata -7082 [main] INFO  org.hibernate.tool.hbm2ddl.TableMetadata  - HHH000037: Columns: [amount, id, last_update, is_buckle, create_date, remark, salary_id, version_lock]
[LOG] 2014-06-03 15:41:12,103 - org.hibernate.tool.hbm2ddl.TableMetadata -7082 [main] INFO  org.hibernate.tool.hbm2ddl.TableMetadata  - HHH000108: Foreign keys: [fk_484s9sas23plu1iw0umqpih93]
[LOG] 2014-06-03 15:41:12,103 - org.hibernate.tool.hbm2ddl.TableMetadata -7082 [main] INFO  org.hibernate.tool.hbm2ddl.TableMetadata  - HHH000126: Indexes: [primary, fk_484s9sas23plu1iw0umqpih93]
[LOG] 2014-06-03 15:41:12,108 - org.hibernate.tool.hbm2ddl.SchemaUpdate -7087 [main] INFO  org.hibernate.tool.hbm2ddl.SchemaUpdate  - HHH000232: Schema update complete
[LOG] 2014-06-03 15:41:13,372 - org.springframework.mock.web.MockServletContext -8351 [main] INFO  org.springframework.mock.web.MockServletContext  - Initializing Spring FrameworkServlet ''
[LOG] 2014-06-03 15:41:13,374 - org.springframework.test.web.servlet.TestDispatcherServlet -8353 [main] INFO  org.springframework.test.web.servlet.TestDispatcherServlet  - FrameworkServlet '': initialization started
[LOG] 2014-06-03 15:41:14,088 - org.springframework.test.web.servlet.TestDispatcherServlet -9067 [main] INFO  org.springframework.test.web.servlet.TestDispatcherServlet  - FrameworkServlet '': initialization completed in 714 ms
[LOG] 2014-06-03 15:41:14,434 - org.reflections.Reflections -9413 [main] INFO  org.reflections.Reflections  - Reflections took 121 ms to scan 1 urls, producing 10 keys and 81 values 
[LOG] 2014-06-03 15:41:14,506 - org.reflections.Reflections -9485 [main] INFO  org.reflections.Reflections  - Reflections took 65 ms to scan 1 urls, producing 10 keys and 81 values 
[LOG] 2014-06-03 15:41:14,840 - org.reflections.Reflections -9819 [main] WARN  org.reflections.Reflections  - could not create Dir using directory from url file:/usr/lib/jvm/java-7-openjdk-amd64/jre/lib/ext/libatk-wrapper.so. skipping.
java.lang.RuntimeException: cannot use dir /usr/lib/jvm/java-7-openjdk-amd64/jre/lib/ext/libatk-wrapper.so
	at org.reflections.vfs.SystemDir.<init>(SystemDir.java:20)
	at org.reflections.vfs.Vfs$DefaultUrlTypes$3.createDir(Vfs.java:237)
	at org.reflections.vfs.Vfs.fromURL(Vfs.java:99)
	at org.reflections.vfs.Vfs.fromURL(Vfs.java:91)
	at org.reflections.Reflections.scan(Reflections.java:231)
	at org.reflections.Reflections.scan(Reflections.java:204)
	at org.reflections.Reflections.<init>(Reflections.java:129)
	at org.reflections.Reflections.<init>(Reflections.java:170)
	at org.reflections.Reflections.<init>(Reflections.java:143)
	at com.haiso.commons.utils.data.entityHelper.EntityUtils.getFieldsAnnotated(EntityUtils.java:37)
	at com.haiso.commons.utils.data.entityHelper.EntityUtils.getEmbeddedFields(EntityUtils.java:56)
	at com.haiso.hr.AppTests.testXmlMapping(AppTests.java:62)
	at sun.reflect.NativeMethodAccessorImpl.invoke0(Native Method)
	at sun.reflect.NativeMethodAccessorImpl.invoke(NativeMethodAccessorImpl.java:57)
	at sun.reflect.DelegatingMethodAccessorImpl.invoke(DelegatingMethodAccessorImpl.java:43)
	at java.lang.reflect.Method.invoke(Method.java:606)
	at org.junit.runners.model.FrameworkMethod$1.runReflectiveCall(FrameworkMethod.java:47)
	at org.junit.internal.runners.model.ReflectiveCallable.run(ReflectiveCallable.java:12)
	at org.junit.runners.model.FrameworkMethod.invokeExplosively(FrameworkMethod.java:44)
	at org.junit.internal.runners.statements.InvokeMethod.evaluate(InvokeMethod.java:17)
	at org.junit.internal.runners.statements.RunBefores.evaluate(RunBefores.java:26)
	at org.springframework.test.context.junit4.statements.RunBeforeTestMethodCallbacks.evaluate(RunBeforeTestMethodCallbacks.java:74)
	at org.springframework.test.context.junit4.statements.RunAfterTestMethodCallbacks.evaluate(RunAfterTestMethodCallbacks.java:83)
	at org.springframework.test.context.junit4.statements.SpringRepeat.evaluate(SpringRepeat.java:72)
	at org.springframework.test.context.junit4.SpringJUnit4ClassRunner.runChild(SpringJUnit4ClassRunner.java:233)
	at org.springframework.test.context.junit4.SpringJUnit4ClassRunner.runChild(SpringJUnit4ClassRunner.java:87)
	at org.junit.runners.ParentRunner$3.run(ParentRunner.java:238)
	at org.junit.runners.ParentRunner$1.schedule(ParentRunner.java:63)
	at org.junit.runners.ParentRunner.runChildren(ParentRunner.java:236)
	at org.junit.runners.ParentRunner.access$000(ParentRunner.java:53)
	at org.junit.runners.ParentRunner$2.evaluate(ParentRunner.java:229)
	at org.springframework.test.context.junit4.statements.RunBeforeTestClassCallbacks.evaluate(RunBeforeTestClassCallbacks.java:61)
	at org.springframework.test.context.junit4.statements.RunAfterTestClassCallbacks.evaluate(RunAfterTestClassCallbacks.java:71)
	at org.junit.runners.ParentRunner.run(ParentRunner.java:309)
	at org.springframework.test.context.junit4.SpringJUnit4ClassRunner.run(SpringJUnit4ClassRunner.java:176)
	at org.junit.runner.JUnitCore.run(JUnitCore.java:160)
	at com.intellij.junit4.JUnit4IdeaTestRunner.startRunnerWithArgs(JUnit4IdeaTestRunner.java:74)
	at com.intellij.rt.execution.junit.JUnitStarter.prepareStreamsAndStart(JUnitStarter.java:202)
	at com.intellij.rt.execution.junit.JUnitStarter.main(JUnitStarter.java:65)
[LOG] 2014-06-03 15:41:14,872 - org.reflections.Reflections -9851 [main] WARN  org.reflections.Reflections  - could not create Vfs.Dir from url. ignoring the exception and continuing
org.reflections.ReflectionsException: could not create Vfs.Dir from url, no matching UrlType was found [file:/usr/lib/jvm/java-7-openjdk-amd64/jre/lib/ext/libatk-wrapper.so]
either use fromURL(final URL url, final List<UrlType> urlTypes) or use the static setDefaultURLTypes(final List<UrlType> urlTypes) or addDefaultURLTypes(UrlType urlType) with your specialized UrlType.
	at org.reflections.vfs.Vfs.fromURL(Vfs.java:109)
	at org.reflections.vfs.Vfs.fromURL(Vfs.java:91)
	at org.reflections.Reflections.scan(Reflections.java:231)
	at org.reflections.Reflections.scan(Reflections.java:204)
	at org.reflections.Reflections.<init>(Reflections.java:129)
	at org.reflections.Reflections.<init>(Reflections.java:170)
	at org.reflections.Reflections.<init>(Reflections.java:143)
	at com.haiso.commons.utils.data.entityHelper.EntityUtils.getFieldsAnnotated(EntityUtils.java:37)
	at com.haiso.commons.utils.data.entityHelper.EntityUtils.getEmbeddedFields(EntityUtils.java:56)
	at com.haiso.hr.AppTests.testXmlMapping(AppTests.java:62)
	at sun.reflect.NativeMethodAccessorImpl.invoke0(Native Method)
	at sun.reflect.NativeMethodAccessorImpl.invoke(NativeMethodAccessorImpl.java:57)
	at sun.reflect.DelegatingMethodAccessorImpl.invoke(DelegatingMethodAccessorImpl.java:43)
	at java.lang.reflect.Method.invoke(Method.java:606)
	at org.junit.runners.model.FrameworkMethod$1.runReflectiveCall(FrameworkMethod.java:47)
	at org.junit.internal.runners.model.ReflectiveCallable.run(ReflectiveCallable.java:12)
	at org.junit.runners.model.FrameworkMethod.invokeExplosively(FrameworkMethod.java:44)
	at org.junit.internal.runners.statements.InvokeMethod.evaluate(InvokeMethod.java:17)
	at org.junit.internal.runners.statements.RunBefores.evaluate(RunBefores.java:26)
	at org.springframework.test.context.junit4.statements.RunBeforeTestMethodCallbacks.evaluate(RunBeforeTestMethodCallbacks.java:74)
	at org.springframework.test.context.junit4.statements.RunAfterTestMethodCallbacks.evaluate(RunAfterTestMethodCallbacks.java:83)
	at org.springframework.test.context.junit4.statements.SpringRepeat.evaluate(SpringRepeat.java:72)
	at org.springframework.test.context.junit4.SpringJUnit4ClassRunner.runChild(SpringJUnit4ClassRunner.java:233)
	at org.springframework.test.context.junit4.SpringJUnit4ClassRunner.runChild(SpringJUnit4ClassRunner.java:87)
	at org.junit.runners.ParentRunner$3.run(ParentRunner.java:238)
	at org.junit.runners.ParentRunner$1.schedule(ParentRunner.java:63)
	at org.junit.runners.ParentRunner.runChildren(ParentRunner.java:236)
	at org.junit.runners.ParentRunner.access$000(ParentRunner.java:53)
	at org.junit.runners.ParentRunner$2.evaluate(ParentRunner.java:229)
	at org.springframework.test.context.junit4.statements.RunBeforeTestClassCallbacks.evaluate(RunBeforeTestClassCallbacks.java:61)
	at org.springframework.test.context.junit4.statements.RunAfterTestClassCallbacks.evaluate(RunAfterTestClassCallbacks.java:71)
	at org.junit.runners.ParentRunner.run(ParentRunner.java:309)
	at org.springframework.test.context.junit4.SpringJUnit4ClassRunner.run(SpringJUnit4ClassRunner.java:176)
	at org.junit.runner.JUnitCore.run(JUnitCore.java:160)
	at com.intellij.junit4.JUnit4IdeaTestRunner.startRunnerWithArgs(JUnit4IdeaTestRunner.java:74)
	at com.intellij.rt.execution.junit.JUnitStarter.prepareStreamsAndStart(JUnitStarter.java:202)
	at com.intellij.rt.execution.junit.JUnitStarter.main(JUnitStarter.java:65)
[LOG] 2014-06-03 15:41:14,909 - org.reflections.Reflections -9888 [main] INFO  org.reflections.Reflections  - Reflections took 395 ms to scan 115 urls, producing 3 keys and 20 values 
[LOG] 2014-06-03 15:41:40,990 - org.springframework.web.context.support.GenericWebApplicationContext -35969 [Thread-1] INFO  org.springframework.web.context.support.GenericWebApplicationContext  - Closing org.springframework.web.context.support.GenericWebApplicationContext@7a4eac67: startup date [Tue Jun 03 15:41:07 CST 2014]; root of context hierarchy
[LOG] 2014-06-03 15:41:41,017 - org.springframework.orm.jpa.LocalContainerEntityManagerFactoryBean -35996 [Thread-1] INFO  org.springframework.orm.jpa.LocalContainerEntityManagerFactoryBean  - Closing JPA EntityManagerFactory for persistence unit 'default'
[LOG] 2014-06-03 15:48:53,367 - org.springframework.beans.factory.xml.XmlBeanDefinitionReader -365  [main] INFO  org.springframework.beans.factory.xml.XmlBeanDefinitionReader  - Loading XML bean definitions from class path resource [ApplicationContext.xml]
[LOG] 2014-06-03 15:48:54,462 - org.springframework.beans.factory.xml.XmlBeanDefinitionReader -1460 [main] INFO  org.springframework.beans.factory.xml.XmlBeanDefinitionReader  - Loading XML bean definitions from class path resource [spring-data.xml]
[LOG] 2014-06-03 15:48:55,093 - org.springframework.beans.factory.support.DefaultListableBeanFactory -2091 [main] INFO  org.springframework.beans.factory.support.DefaultListableBeanFactory  - Overriding bean definition for bean 'personCertificateDao': replacing [Root bean: class [org.springframework.data.jpa.repository.support.JpaRepositoryFactoryBean]; scope=; abstract=false; lazyInit=false; autowireMode=0; dependencyCheck=0; autowireCandidate=true; primary=false; factoryBeanName=null; factoryMethodName=null; initMethodName=null; destroyMethodName=null] with [Root bean: class [org.springframework.data.jpa.repository.support.JpaRepositoryFactoryBean]; scope=; abstract=false; lazyInit=false; autowireMode=0; dependencyCheck=0; autowireCandidate=true; primary=false; factoryBeanName=null; factoryMethodName=null; initMethodName=null; destroyMethodName=null]
[LOG] 2014-06-03 15:48:55,094 - org.springframework.beans.factory.support.DefaultListableBeanFactory -2092 [main] INFO  org.springframework.beans.factory.support.DefaultListableBeanFactory  - Overriding bean definition for bean 'employeeSalaryAdjustmentDao': replacing [Root bean: class [org.springframework.data.jpa.repository.support.JpaRepositoryFactoryBean]; scope=; abstract=false; lazyInit=false; autowireMode=0; dependencyCheck=0; autowireCandidate=true; primary=false; factoryBeanName=null; factoryMethodName=null; initMethodName=null; destroyMethodName=null] with [Root bean: class [org.springframework.data.jpa.repository.support.JpaRepositoryFactoryBean]; scope=; abstract=false; lazyInit=false; autowireMode=0; dependencyCheck=0; autowireCandidate=true; primary=false; factoryBeanName=null; factoryMethodName=null; initMethodName=null; destroyMethodName=null]
[LOG] 2014-06-03 15:48:55,094 - org.springframework.beans.factory.support.DefaultListableBeanFactory -2092 [main] INFO  org.springframework.beans.factory.support.DefaultListableBeanFactory  - Overriding bean definition for bean 'employeeSalaryDao': replacing [Root bean: class [org.springframework.data.jpa.repository.support.JpaRepositoryFactoryBean]; scope=; abstract=false; lazyInit=false; autowireMode=0; dependencyCheck=0; autowireCandidate=true; primary=false; factoryBeanName=null; factoryMethodName=null; initMethodName=null; destroyMethodName=null] with [Root bean: class [org.springframework.data.jpa.repository.support.JpaRepositoryFactoryBean]; scope=; abstract=false; lazyInit=false; autowireMode=0; dependencyCheck=0; autowireCandidate=true; primary=false; factoryBeanName=null; factoryMethodName=null; initMethodName=null; destroyMethodName=null]
[LOG] 2014-06-03 15:48:55,094 - org.springframework.beans.factory.support.DefaultListableBeanFactory -2092 [main] INFO  org.springframework.beans.factory.support.DefaultListableBeanFactory  - Overriding bean definition for bean 'employeeDao': replacing [Root bean: class [org.springframework.data.jpa.repository.support.JpaRepositoryFactoryBean]; scope=; abstract=false; lazyInit=false; autowireMode=0; dependencyCheck=0; autowireCandidate=true; primary=false; factoryBeanName=null; factoryMethodName=null; initMethodName=null; destroyMethodName=null] with [Root bean: class [org.springframework.data.jpa.repository.support.JpaRepositoryFactoryBean]; scope=; abstract=false; lazyInit=false; autowireMode=0; dependencyCheck=0; autowireCandidate=true; primary=false; factoryBeanName=null; factoryMethodName=null; initMethodName=null; destroyMethodName=null]
[LOG] 2014-06-03 15:48:55,095 - org.springframework.beans.factory.support.DefaultListableBeanFactory -2093 [main] INFO  org.springframework.beans.factory.support.DefaultListableBeanFactory  - Overriding bean definition for bean 'employeeAssessmentDao': replacing [Root bean: class [org.springframework.data.jpa.repository.support.JpaRepositoryFactoryBean]; scope=; abstract=false; lazyInit=false; autowireMode=0; dependencyCheck=0; autowireCandidate=true; primary=false; factoryBeanName=null; factoryMethodName=null; initMethodName=null; destroyMethodName=null] with [Root bean: class [org.springframework.data.jpa.repository.support.JpaRepositoryFactoryBean]; scope=; abstract=false; lazyInit=false; autowireMode=0; dependencyCheck=0; autowireCandidate=true; primary=false; factoryBeanName=null; factoryMethodName=null; initMethodName=null; destroyMethodName=null]
[LOG] 2014-06-03 15:48:55,095 - org.springframework.beans.factory.support.DefaultListableBeanFactory -2093 [main] INFO  org.springframework.beans.factory.support.DefaultListableBeanFactory  - Overriding bean definition for bean 'personSocialRelationshipDao': replacing [Root bean: class [org.springframework.data.jpa.repository.support.JpaRepositoryFactoryBean]; scope=; abstract=false; lazyInit=false; autowireMode=0; dependencyCheck=0; autowireCandidate=true; primary=false; factoryBeanName=null; factoryMethodName=null; initMethodName=null; destroyMethodName=null] with [Root bean: class [org.springframework.data.jpa.repository.support.JpaRepositoryFactoryBean]; scope=; abstract=false; lazyInit=false; autowireMode=0; dependencyCheck=0; autowireCandidate=true; primary=false; factoryBeanName=null; factoryMethodName=null; initMethodName=null; destroyMethodName=null]
[LOG] 2014-06-03 15:48:55,095 - org.springframework.beans.factory.support.DefaultListableBeanFactory -2093 [main] INFO  org.springframework.beans.factory.support.DefaultListableBeanFactory  - Overriding bean definition for bean 'personEducationDao': replacing [Root bean: class [org.springframework.data.jpa.repository.support.JpaRepositoryFactoryBean]; scope=; abstract=false; lazyInit=false; autowireMode=0; dependencyCheck=0; autowireCandidate=true; primary=false; factoryBeanName=null; factoryMethodName=null; initMethodName=null; destroyMethodName=null] with [Root bean: class [org.springframework.data.jpa.repository.support.JpaRepositoryFactoryBean]; scope=; abstract=false; lazyInit=false; autowireMode=0; dependencyCheck=0; autowireCandidate=true; primary=false; factoryBeanName=null; factoryMethodName=null; initMethodName=null; destroyMethodName=null]
[LOG] 2014-06-03 15:48:55,096 - org.springframework.beans.factory.support.DefaultListableBeanFactory -2094 [main] INFO  org.springframework.beans.factory.support.DefaultListableBeanFactory  - Overriding bean definition for bean 'personDao': replacing [Root bean: class [org.springframework.data.jpa.repository.support.JpaRepositoryFactoryBean]; scope=; abstract=false; lazyInit=false; autowireMode=0; dependencyCheck=0; autowireCandidate=true; primary=false; factoryBeanName=null; factoryMethodName=null; initMethodName=null; destroyMethodName=null] with [Root bean: class [org.springframework.data.jpa.repository.support.JpaRepositoryFactoryBean]; scope=; abstract=false; lazyInit=false; autowireMode=0; dependencyCheck=0; autowireCandidate=true; primary=false; factoryBeanName=null; factoryMethodName=null; initMethodName=null; destroyMethodName=null]
[LOG] 2014-06-03 15:48:55,096 - org.springframework.beans.factory.support.DefaultListableBeanFactory -2094 [main] INFO  org.springframework.beans.factory.support.DefaultListableBeanFactory  - Overriding bean definition for bean 'personWorkExperienceDao': replacing [Root bean: class [org.springframework.data.jpa.repository.support.JpaRepositoryFactoryBean]; scope=; abstract=false; lazyInit=false; autowireMode=0; dependencyCheck=0; autowireCandidate=true; primary=false; factoryBeanName=null; factoryMethodName=null; initMethodName=null; destroyMethodName=null] with [Root bean: class [org.springframework.data.jpa.repository.support.JpaRepositoryFactoryBean]; scope=; abstract=false; lazyInit=false; autowireMode=0; dependencyCheck=0; autowireCandidate=true; primary=false; factoryBeanName=null; factoryMethodName=null; initMethodName=null; destroyMethodName=null]
[LOG] 2014-06-03 15:48:55,096 - org.springframework.beans.factory.support.DefaultListableBeanFactory -2094 [main] INFO  org.springframework.beans.factory.support.DefaultListableBeanFactory  - Overriding bean definition for bean 'paramDao': replacing [Root bean: class [org.springframework.data.jpa.repository.support.JpaRepositoryFactoryBean]; scope=; abstract=false; lazyInit=false; autowireMode=0; dependencyCheck=0; autowireCandidate=true; primary=false; factoryBeanName=null; factoryMethodName=null; initMethodName=null; destroyMethodName=null] with [Root bean: class [org.springframework.data.jpa.repository.support.JpaRepositoryFactoryBean]; scope=; abstract=false; lazyInit=false; autowireMode=0; dependencyCheck=0; autowireCandidate=true; primary=false; factoryBeanName=null; factoryMethodName=null; initMethodName=null; destroyMethodName=null]
[LOG] 2014-06-03 15:48:55,097 - org.springframework.beans.factory.support.DefaultListableBeanFactory -2095 [main] INFO  org.springframework.beans.factory.support.DefaultListableBeanFactory  - Overriding bean definition for bean 'employeeEventDao': replacing [Root bean: class [org.springframework.data.jpa.repository.support.JpaRepositoryFactoryBean]; scope=; abstract=false; lazyInit=false; autowireMode=0; dependencyCheck=0; autowireCandidate=true; primary=false; factoryBeanName=null; factoryMethodName=null; initMethodName=null; destroyMethodName=null] with [Root bean: class [org.springframework.data.jpa.repository.support.JpaRepositoryFactoryBean]; scope=; abstract=false; lazyInit=false; autowireMode=0; dependencyCheck=0; autowireCandidate=true; primary=false; factoryBeanName=null; factoryMethodName=null; initMethodName=null; destroyMethodName=null]
[LOG] 2014-06-03 15:48:55,097 - org.springframework.beans.factory.support.DefaultListableBeanFactory -2095 [main] INFO  org.springframework.beans.factory.support.DefaultListableBeanFactory  - Overriding bean definition for bean 'employeePostTransactionDao': replacing [Root bean: class [org.springframework.data.jpa.repository.support.JpaRepositoryFactoryBean]; scope=; abstract=false; lazyInit=false; autowireMode=0; dependencyCheck=0; autowireCandidate=true; primary=false; factoryBeanName=null; factoryMethodName=null; initMethodName=null; destroyMethodName=null] with [Root bean: class [org.springframework.data.jpa.repository.support.JpaRepositoryFactoryBean]; scope=; abstract=false; lazyInit=false; autowireMode=0; dependencyCheck=0; autowireCandidate=true; primary=false; factoryBeanName=null; factoryMethodName=null; initMethodName=null; destroyMethodName=null]
[LOG] 2014-06-03 15:48:55,097 - org.springframework.beans.factory.support.DefaultListableBeanFactory -2095 [main] INFO  org.springframework.beans.factory.support.DefaultListableBeanFactory  - Overriding bean definition for bean 'employeeRewardsPunishmentDao': replacing [Root bean: class [org.springframework.data.jpa.repository.support.JpaRepositoryFactoryBean]; scope=; abstract=false; lazyInit=false; autowireMode=0; dependencyCheck=0; autowireCandidate=true; primary=false; factoryBeanName=null; factoryMethodName=null; initMethodName=null; destroyMethodName=null] with [Root bean: class [org.springframework.data.jpa.repository.support.JpaRepositoryFactoryBean]; scope=; abstract=false; lazyInit=false; autowireMode=0; dependencyCheck=0; autowireCandidate=true; primary=false; factoryBeanName=null; factoryMethodName=null; initMethodName=null; destroyMethodName=null]
[LOG] 2014-06-03 15:48:55,098 - org.springframework.beans.factory.support.DefaultListableBeanFactory -2096 [main] INFO  org.springframework.beans.factory.support.DefaultListableBeanFactory  - Overriding bean definition for bean 'employeeSalaryInfoDao': replacing [Root bean: class [org.springframework.data.jpa.repository.support.JpaRepositoryFactoryBean]; scope=; abstract=false; lazyInit=false; autowireMode=0; dependencyCheck=0; autowireCandidate=true; primary=false; factoryBeanName=null; factoryMethodName=null; initMethodName=null; destroyMethodName=null] with [Root bean: class [org.springframework.data.jpa.repository.support.JpaRepositoryFactoryBean]; scope=; abstract=false; lazyInit=false; autowireMode=0; dependencyCheck=0; autowireCandidate=true; primary=false; factoryBeanName=null; factoryMethodName=null; initMethodName=null; destroyMethodName=null]
[LOG] 2014-06-03 15:48:55,098 - org.springframework.beans.factory.support.DefaultListableBeanFactory -2096 [main] INFO  org.springframework.beans.factory.support.DefaultListableBeanFactory  - Overriding bean definition for bean 'employeeContractDao': replacing [Root bean: class [org.springframework.data.jpa.repository.support.JpaRepositoryFactoryBean]; scope=; abstract=false; lazyInit=false; autowireMode=0; dependencyCheck=0; autowireCandidate=true; primary=false; factoryBeanName=null; factoryMethodName=null; initMethodName=null; destroyMethodName=null] with [Root bean: class [org.springframework.data.jpa.repository.support.JpaRepositoryFactoryBean]; scope=; abstract=false; lazyInit=false; autowireMode=0; dependencyCheck=0; autowireCandidate=true; primary=false; factoryBeanName=null; factoryMethodName=null; initMethodName=null; destroyMethodName=null]
[LOG] 2014-06-03 15:48:55,099 - org.springframework.beans.factory.support.DefaultListableBeanFactory -2097 [main] INFO  org.springframework.beans.factory.support.DefaultListableBeanFactory  - Overriding bean definition for bean 'employeeBankInfoDao': replacing [Root bean: class [org.springframework.data.jpa.repository.support.JpaRepositoryFactoryBean]; scope=; abstract=false; lazyInit=false; autowireMode=0; dependencyCheck=0; autowireCandidate=true; primary=false; factoryBeanName=null; factoryMethodName=null; initMethodName=null; destroyMethodName=null] with [Root bean: class [org.springframework.data.jpa.repository.support.JpaRepositoryFactoryBean]; scope=; abstract=false; lazyInit=false; autowireMode=0; dependencyCheck=0; autowireCandidate=true; primary=false; factoryBeanName=null; factoryMethodName=null; initMethodName=null; destroyMethodName=null]
[LOG] 2014-06-03 15:48:55,107 - org.springframework.web.context.support.GenericWebApplicationContext -2105 [main] INFO  org.springframework.web.context.support.GenericWebApplicationContext  - Refreshing org.springframework.web.context.support.GenericWebApplicationContext@15502c5e: startup date [Tue Jun 03 15:48:55 CST 2014]; root of context hierarchy
[LOG] 2014-06-03 15:48:55,557 - org.springframework.beans.factory.config.PropertyPlaceholderConfigurer -2555 [main] INFO  org.springframework.beans.factory.config.PropertyPlaceholderConfigurer  - Loading properties file from class path resource [jdbc.properties]
[LOG] 2014-06-03 15:48:56,063 - org.springframework.orm.jpa.LocalContainerEntityManagerFactoryBean -3061 [main] INFO  org.springframework.orm.jpa.LocalContainerEntityManagerFactoryBean  - Building JPA container EntityManagerFactory for persistence unit 'default'
[LOG] 2014-06-03 15:48:56,511 - org.hibernate.annotations.common.Version -3509 [main] INFO  org.hibernate.annotations.common.Version  - HCANN000001: Hibernate Commons Annotations {4.0.2.Final}
[LOG] 2014-06-03 15:48:56,523 - org.hibernate.Version -3521 [main] INFO  org.hibernate.Version  - HHH000412: Hibernate Core {4.2.12.Final}
[LOG] 2014-06-03 15:48:56,527 - org.hibernate.cfg.Environment -3525 [main] INFO  org.hibernate.cfg.Environment  - HHH000206: hibernate.properties not found
[LOG] 2014-06-03 15:48:56,530 - org.hibernate.cfg.Environment -3528 [main] INFO  org.hibernate.cfg.Environment  - HHH000021: Bytecode provider name : javassist
[LOG] 2014-06-03 15:48:56,819 - org.hibernate.service.jdbc.connections.internal.ConnectionProviderInitiator -3817 [main] INFO  org.hibernate.service.jdbc.connections.internal.ConnectionProviderInitiator  - HHH000130: Instantiating explicit connection provider: org.hibernate.ejb.connection.InjectedDataSourceConnectionProvider
[LOG] 2014-06-03 15:48:57,634 - org.hibernate.dialect.Dialect -4632 [main] INFO  org.hibernate.dialect.Dialect  - HHH000400: Using dialect: org.hibernate.dialect.MySQL5InnoDBDialect
[LOG] 2014-06-03 15:48:58,520 - org.hibernate.engine.transaction.internal.TransactionFactoryInitiator -5518 [main] INFO  org.hibernate.engine.transaction.internal.TransactionFactoryInitiator  - HHH000268: Transaction strategy: org.hibernate.engine.transaction.internal.jdbc.JdbcTransactionFactory
[LOG] 2014-06-03 15:48:58,530 - org.hibernate.hql.internal.ast.ASTQueryTranslatorFactory -5528 [main] INFO  org.hibernate.hql.internal.ast.ASTQueryTranslatorFactory  - HHH000397: Using ASTQueryTranslatorFactory
[LOG] 2014-06-03 15:48:58,616 - org.hibernate.validator.internal.util.Version -5614 [main] INFO  org.hibernate.validator.internal.util.Version  - HV000001: Hibernate Validator 4.3.1.Final
[LOG] 2014-06-03 15:48:59,985 - org.hibernate.tool.hbm2ddl.SchemaUpdate -6983 [main] INFO  org.hibernate.tool.hbm2ddl.SchemaUpdate  - HHH000228: Running hbm2ddl schema update
[LOG] 2014-06-03 15:48:59,985 - org.hibernate.tool.hbm2ddl.SchemaUpdate -6983 [main] INFO  org.hibernate.tool.hbm2ddl.SchemaUpdate  - HHH000102: Fetching database metadata
[LOG] 2014-06-03 15:48:59,989 - org.hibernate.tool.hbm2ddl.SchemaUpdate -6987 [main] INFO  org.hibernate.tool.hbm2ddl.SchemaUpdate  - HHH000396: Updating schema
[LOG] 2014-06-03 15:49:00,023 - org.hibernate.tool.hbm2ddl.TableMetadata -7021 [main] INFO  org.hibernate.tool.hbm2ddl.TableMetadata  - HHH000261: Table found: haisodb0418.empl_dept
[LOG] 2014-06-03 15:49:00,023 - org.hibernate.tool.hbm2ddl.TableMetadata -7021 [main] INFO  org.hibernate.tool.hbm2ddl.TableMetadata  - HHH000037: Columns: [departmentset_id, t_employee_id]
[LOG] 2014-06-03 15:49:00,023 - org.hibernate.tool.hbm2ddl.TableMetadata -7021 [main] INFO  org.hibernate.tool.hbm2ddl.TableMetadata  - HHH000108: Foreign keys: [fk_tjay2is262q39jfy6knhyol97, fk_mlsbrts1bkynnmf38hhuis5fm]
[LOG] 2014-06-03 15:49:00,023 - org.hibernate.tool.hbm2ddl.TableMetadata -7021 [main] INFO  org.hibernate.tool.hbm2ddl.TableMetadata  - HHH000126: Indexes: [fk_tjay2is262q39jfy6knhyol97, primary, fk_mlsbrts1bkynnmf38hhuis5fm]
[LOG] 2014-06-03 15:49:00,045 - org.hibernate.tool.hbm2ddl.TableMetadata -7043 [main] INFO  org.hibernate.tool.hbm2ddl.TableMetadata  - HHH000261: Table found: haisodb0418.empl_post
[LOG] 2014-06-03 15:49:00,045 - org.hibernate.tool.hbm2ddl.TableMetadata -7043 [main] INFO  org.hibernate.tool.hbm2ddl.TableMetadata  - HHH000037: Columns: [positionset_id, t_employee_id]
[LOG] 2014-06-03 15:49:00,045 - org.hibernate.tool.hbm2ddl.TableMetadata -7043 [main] INFO  org.hibernate.tool.hbm2ddl.TableMetadata  - HHH000108: Foreign keys: [fk_7lpwc54t5iixjgxq7037xgkex, fk_9ehu89ovkrhgnbq565ok5tbic]
[LOG] 2014-06-03 15:49:00,045 - org.hibernate.tool.hbm2ddl.TableMetadata -7043 [main] INFO  org.hibernate.tool.hbm2ddl.TableMetadata  - HHH000126: Indexes: [fk_7lpwc54t5iixjgxq7037xgkex, fk_9ehu89ovkrhgnbq565ok5tbic, primary]
[LOG] 2014-06-03 15:49:00,066 - org.hibernate.tool.hbm2ddl.TableMetadata -7064 [main] INFO  org.hibernate.tool.hbm2ddl.TableMetadata  - HHH000261: Table found: haisodb0418.t_department
[LOG] 2014-06-03 15:49:00,067 - org.hibernate.tool.hbm2ddl.TableMetadata -7065 [main] INFO  org.hibernate.tool.hbm2ddl.TableMetadata  - HHH000037: Columns: [parent_dept, created_by, id, is_child, updated_at, duty, description, name, dept_sn, updated_by, created_at, version]
[LOG] 2014-06-03 15:49:00,067 - org.hibernate.tool.hbm2ddl.TableMetadata -7065 [main] INFO  org.hibernate.tool.hbm2ddl.TableMetadata  - HHH000108: Foreign keys: [fk_26u3k3fxtat25tueiw8e1qdry]
[LOG] 2014-06-03 15:49:00,067 - org.hibernate.tool.hbm2ddl.TableMetadata -7065 [main] INFO  org.hibernate.tool.hbm2ddl.TableMetadata  - HHH000126: Indexes: [primary, fk_26u3k3fxtat25tueiw8e1qdry]
[LOG] 2014-06-03 15:49:00,077 - org.hibernate.tool.hbm2ddl.TableMetadata -7075 [main] INFO  org.hibernate.tool.hbm2ddl.TableMetadata  - HHH000261: Table found: haisodb0418.t_empl_assess
[LOG] 2014-06-03 15:49:00,078 - org.hibernate.tool.hbm2ddl.TableMetadata -7076 [main] INFO  org.hibernate.tool.hbm2ddl.TableMetadata  - HHH000037: Columns: [content, id, title, end_at, score, empl_sn, start_at, qualify, conclusion, comment, version]
[LOG] 2014-06-03 15:49:00,078 - org.hibernate.tool.hbm2ddl.TableMetadata -7076 [main] INFO  org.hibernate.tool.hbm2ddl.TableMetadata  - HHH000108: Foreign keys: [fk_rdr7yomvin462gk4pa04q7rvh]
[LOG] 2014-06-03 15:49:00,078 - org.hibernate.tool.hbm2ddl.TableMetadata -7076 [main] INFO  org.hibernate.tool.hbm2ddl.TableMetadata  - HHH000126: Indexes: [primary, fk_rdr7yomvin462gk4pa04q7rvh]
[LOG] 2014-06-03 15:49:00,088 - org.hibernate.tool.hbm2ddl.TableMetadata -7086 [main] INFO  org.hibernate.tool.hbm2ddl.TableMetadata  - HHH000261: Table found: haisodb0418.t_empl_bankinfo
[LOG] 2014-06-03 15:49:00,088 - org.hibernate.tool.hbm2ddl.TableMetadata -7086 [main] INFO  org.hibernate.tool.hbm2ddl.TableMetadata  - HHH000037: Columns: [acc_owner, id, last_update, cardpic_path, create_date, bankcard_num, empl_sn, version_lock, acc_bank]
[LOG] 2014-06-03 15:49:00,088 - org.hibernate.tool.hbm2ddl.TableMetadata -7086 [main] INFO  org.hibernate.tool.hbm2ddl.TableMetadata  - HHH000108: Foreign keys: [fk_hj8foms78sjr8d4vy24ryw0hx]
[LOG] 2014-06-03 15:49:00,088 - org.hibernate.tool.hbm2ddl.TableMetadata -7086 [main] INFO  org.hibernate.tool.hbm2ddl.TableMetadata  - HHH000126: Indexes: [fk_hj8foms78sjr8d4vy24ryw0hx, uk_hj8foms78sjr8d4vy24ryw0hx, primary]
[LOG] 2014-06-03 15:49:00,099 - org.hibernate.tool.hbm2ddl.TableMetadata -7097 [main] INFO  org.hibernate.tool.hbm2ddl.TableMetadata  - HHH000261: Table found: haisodb0418.t_empl_contract
[LOG] 2014-06-03 15:49:00,099 - org.hibernate.tool.hbm2ddl.TableMetadata -7097 [main] INFO  org.hibernate.tool.hbm2ddl.TableMetadata  - HHH000037: Columns: [id, remark, location, contract_sn, empl_sn, contract_date, expiry_date, version]
[LOG] 2014-06-03 15:49:00,099 - org.hibernate.tool.hbm2ddl.TableMetadata -7097 [main] INFO  org.hibernate.tool.hbm2ddl.TableMetadata  - HHH000108: Foreign keys: [fk_ny54ha7j0ucbgd8mhurt76qnk]
[LOG] 2014-06-03 15:49:00,100 - org.hibernate.tool.hbm2ddl.TableMetadata -7098 [main] INFO  org.hibernate.tool.hbm2ddl.TableMetadata  - HHH000126: Indexes: [fk_ny54ha7j0ucbgd8mhurt76qnk, primary]
[LOG] 2014-06-03 15:49:00,119 - org.hibernate.tool.hbm2ddl.TableMetadata -7117 [main] INFO  org.hibernate.tool.hbm2ddl.TableMetadata  - HHH000261: Table found: haisodb0418.t_empl_event
[LOG] 2014-06-03 15:49:00,119 - org.hibernate.tool.hbm2ddl.TableMetadata -7117 [main] INFO  org.hibernate.tool.hbm2ddl.TableMetadata  - HHH000037: Columns: [com_leader, com_opinion, date_start, progress_percent, dept_date, dept_opinion, version, dept_leader, id, date_end, hr_date, event_manager, create_date, hr_opinion, hr_leader, empl_sn, com_date]
[LOG] 2014-06-03 15:49:00,119 - org.hibernate.tool.hbm2ddl.TableMetadata -7117 [main] INFO  org.hibernate.tool.hbm2ddl.TableMetadata  - HHH000108: Foreign keys: [fk_c9k4a9i2hnixljlvjy9itqvw, fk_h2672rn3psx74ajfe2icpf9b6, fk_ehhg8g913bbwkismvtrss4b5h, fk_a4qp0ktk2scqq03vkmn38dn7q, fk_7rvdsmwcby5x3pmioxvybne6q]
[LOG] 2014-06-03 15:49:00,119 - org.hibernate.tool.hbm2ddl.TableMetadata -7117 [main] INFO  org.hibernate.tool.hbm2ddl.TableMetadata  - HHH000126: Indexes: [fk_c9k4a9i2hnixljlvjy9itqvw, fk_ehhg8g913bbwkismvtrss4b5h, fk_h2672rn3psx74ajfe2icpf9b6, primary, fk_a4qp0ktk2scqq03vkmn38dn7q, fk_7rvdsmwcby5x3pmioxvybne6q]
[LOG] 2014-06-03 15:49:00,136 - org.hibernate.tool.hbm2ddl.TableMetadata -7134 [main] INFO  org.hibernate.tool.hbm2ddl.TableMetadata  - HHH000261: Table found: haisodb0418.t_empl_pos_tx
[LOG] 2014-06-03 15:49:00,137 - org.hibernate.tool.hbm2ddl.TableMetadata -7135 [main] INFO  org.hibernate.tool.hbm2ddl.TableMetadata  - HHH000037: Columns: [com_leader, to_post, manager, com_opinion, deptto_date, remark, deptfrm_date, deptfrm_opinion, empl_id, deptto_leader, version, id, hr_date, tx_date, deptfrm_leader, hr_opinion, from_post, hr_leader, com_date, deptto_opinion]
[LOG] 2014-06-03 15:49:00,137 - org.hibernate.tool.hbm2ddl.TableMetadata -7135 [main] INFO  org.hibernate.tool.hbm2ddl.TableMetadata  - HHH000108: Foreign keys: [fk_1fw82oas18vr27yafbc9psi9, fk_77ex71c9xmr25arl9b971vkvd, fk_17fj1lq7xbm2njq5skfjc5qxu, fk_t2kf3y6inf9733h5fu6uy0h2n, fk_t213ijc1o26gtlfu8hkc8od25, fk_iuj2ygcwlejjn2ja03jy3qyf8, fk_ptq7omlk84m59ml6oncqm6v74, fk_afmd4deqc3c0nlvgba6nyrbdr]
[LOG] 2014-06-03 15:49:00,137 - org.hibernate.tool.hbm2ddl.TableMetadata -7135 [main] INFO  org.hibernate.tool.hbm2ddl.TableMetadata  - HHH000126: Indexes: [fk_1fw82oas18vr27yafbc9psi9, fk_t2kf3y6inf9733h5fu6uy0h2n, fk_17fj1lq7xbm2njq5skfjc5qxu, fk_77ex71c9xmr25arl9b971vkvd, primary, fk_iuj2ygcwlejjn2ja03jy3qyf8, fk_t213ijc1o26gtlfu8hkc8od25, fk_ptq7omlk84m59ml6oncqm6v74, fk_afmd4deqc3c0nlvgba6nyrbdr]
[LOG] 2014-06-03 15:49:00,147 - org.hibernate.tool.hbm2ddl.TableMetadata -7145 [main] INFO  org.hibernate.tool.hbm2ddl.TableMetadata  - HHH000261: Table found: haisodb0418.t_empl_rwpns
[LOG] 2014-06-03 15:49:00,147 - org.hibernate.tool.hbm2ddl.TableMetadata -7145 [main] INFO  org.hibernate.tool.hbm2ddl.TableMetadata  - HHH000037: Columns: [content, id, impl_dept, subject, is_reward, impl_date, empl_id, version]
[LOG] 2014-06-03 15:49:00,147 - org.hibernate.tool.hbm2ddl.TableMetadata -7145 [main] INFO  org.hibernate.tool.hbm2ddl.TableMetadata  - HHH000108: Foreign keys: [fk_cegeqk9p33n9n00ij6bif7ftt, fk_k12oges16ewqum2owkwwsg8ne]
[LOG] 2014-06-03 15:49:00,147 - org.hibernate.tool.hbm2ddl.TableMetadata -7145 [main] INFO  org.hibernate.tool.hbm2ddl.TableMetadata  - HHH000126: Indexes: [fk_cegeqk9p33n9n00ij6bif7ftt, primary, fk_k12oges16ewqum2owkwwsg8ne]
[LOG] 2014-06-03 15:49:00,165 - org.hibernate.tool.hbm2ddl.TableMetadata -7163 [main] INFO  org.hibernate.tool.hbm2ddl.TableMetadata  - HHH000261: Table found: haisodb0418.t_empl_salary
[LOG] 2014-06-03 15:49:00,165 - org.hibernate.tool.hbm2ddl.TableMetadata -7163 [main] INFO  org.hibernate.tool.hbm2ddl.TableMetadata  - HHH000037: Columns: [fee_water, allo_meal, allo_child, pay_attendance, dues_union, pay_callback, allo_educate, insu_medical, fund_house, pay_regular, subs_rent, cost_rent, tax_stamp, fee_coultant, id, pay_seniority, fee_union, insu_pension, fee_electric, pay_post, allo_duty, fee_gas, period_end, real_salary, tax_income, fee_property, insu_unempl, person_id, period_start, allo_health, subsidy, pay_merit, pay_watcher, perquisite, bonus, insu_lqmed]
[LOG] 2014-06-03 15:49:00,165 - org.hibernate.tool.hbm2ddl.TableMetadata -7163 [main] INFO  org.hibernate.tool.hbm2ddl.TableMetadata  - HHH000108: Foreign keys: [fk_q38ewx6edufweu39hxy1ing6m]
[LOG] 2014-06-03 15:49:00,165 - org.hibernate.tool.hbm2ddl.TableMetadata -7163 [main] INFO  org.hibernate.tool.hbm2ddl.TableMetadata  - HHH000126: Indexes: [primary, fk_q38ewx6edufweu39hxy1ing6m]
[LOG] 2014-06-03 15:49:00,174 - org.hibernate.tool.hbm2ddl.TableMetadata -7172 [main] INFO  org.hibernate.tool.hbm2ddl.TableMetadata  - HHH000261: Table found: haisodb0418.t_empl_salary_adjust
[LOG] 2014-06-03 15:49:00,174 - org.hibernate.tool.hbm2ddl.TableMetadata -7172 [main] INFO  org.hibernate.tool.hbm2ddl.TableMetadata  - HHH000037: Columns: [amount, id, last_update, create_date, remark, time_adjust, empl_sn, version_lock]
[LOG] 2014-06-03 15:49:00,174 - org.hibernate.tool.hbm2ddl.TableMetadata -7172 [main] INFO  org.hibernate.tool.hbm2ddl.TableMetadata  - HHH000108: Foreign keys: [fk_rab1v8wr4nf10sdgwsr27dh6b]
[LOG] 2014-06-03 15:49:00,174 - org.hibernate.tool.hbm2ddl.TableMetadata -7172 [main] INFO  org.hibernate.tool.hbm2ddl.TableMetadata  - HHH000126: Indexes: [fk_rab1v8wr4nf10sdgwsr27dh6b, primary]
[LOG] 2014-06-03 15:49:00,189 - org.hibernate.tool.hbm2ddl.TableMetadata -7187 [main] INFO  org.hibernate.tool.hbm2ddl.TableMetadata  - HHH000261: Table found: haisodb0418.t_empl_salary_info
[LOG] 2014-06-03 15:49:00,190 - org.hibernate.tool.hbm2ddl.TableMetadata -7188 [main] INFO  org.hibernate.tool.hbm2ddl.TableMetadata  - HHH000037: Columns: [lsn_insumed, is_post, lsn_fundhouse, by_time, lsn_insupesn, version_lock, ratio_eval, id, last_update, create_date, ratio_prepay, by_piece, empl_sn, lsn_insulqmed]
[LOG] 2014-06-03 15:49:00,190 - org.hibernate.tool.hbm2ddl.TableMetadata -7188 [main] INFO  org.hibernate.tool.hbm2ddl.TableMetadata  - HHH000108: Foreign keys: [fk_nu04nciu2vr3nw0jtpdsu5wh3]
[LOG] 2014-06-03 15:49:00,190 - org.hibernate.tool.hbm2ddl.TableMetadata -7188 [main] INFO  org.hibernate.tool.hbm2ddl.TableMetadata  - HHH000126: Indexes: [primary, fk_nu04nciu2vr3nw0jtpdsu5wh3]
[LOG] 2014-06-03 15:49:00,220 - org.hibernate.tool.hbm2ddl.TableMetadata -7218 [main] INFO  org.hibernate.tool.hbm2ddl.TableMetadata  - HHH000261: Table found: haisodb0418.t_employee
[LOG] 2014-06-03 15:49:00,220 - org.hibernate.tool.hbm2ddl.TableMetadata -7218 [main] INFO  org.hibernate.tool.hbm2ddl.TableMetadata  - HHH000037: Columns: [created_by, id, level, updated_at, person_id, status, sequence, empl_sn, updated_by, created_at, introduction, version]
[LOG] 2014-06-03 15:49:00,220 - org.hibernate.tool.hbm2ddl.TableMetadata -7218 [main] INFO  org.hibernate.tool.hbm2ddl.TableMetadata  - HHH000108: Foreign keys: [fk_pae93txu2fenecdbm4kl1k7iw]
[LOG] 2014-06-03 15:49:00,220 - org.hibernate.tool.hbm2ddl.TableMetadata -7218 [main] INFO  org.hibernate.tool.hbm2ddl.TableMetadata  - HHH000126: Indexes: [primary, uk_pae93txu2fenecdbm4kl1k7iw, fk_pae93txu2fenecdbm4kl1k7iw]
[LOG] 2014-06-03 15:49:00,235 - org.hibernate.tool.hbm2ddl.TableMetadata -7233 [main] INFO  org.hibernate.tool.hbm2ddl.TableMetadata  - HHH000261: Table found: haisodb0418.t_log
[LOG] 2014-06-03 15:49:00,235 - org.hibernate.tool.hbm2ddl.TableMetadata -7233 [main] INFO  org.hibernate.tool.hbm2ddl.TableMetadata  - HHH000037: Columns: [id, version]
[LOG] 2014-06-03 15:49:00,235 - org.hibernate.tool.hbm2ddl.TableMetadata -7233 [main] INFO  org.hibernate.tool.hbm2ddl.TableMetadata  - HHH000108: Foreign keys: []
[LOG] 2014-06-03 15:49:00,235 - org.hibernate.tool.hbm2ddl.TableMetadata -7233 [main] INFO  org.hibernate.tool.hbm2ddl.TableMetadata  - HHH000126: Indexes: [primary]
[LOG] 2014-06-03 15:49:00,246 - org.hibernate.tool.hbm2ddl.TableMetadata -7244 [main] INFO  org.hibernate.tool.hbm2ddl.TableMetadata  - HHH000261: Table found: haisodb0418.t_med_exam
[LOG] 2014-06-03 15:49:00,247 - org.hibernate.tool.hbm2ddl.TableMetadata -7245 [main] INFO  org.hibernate.tool.hbm2ddl.TableMetadata  - HHH000037: Columns: [id, hspl_cncls, person_id, remark, exam_date, cod_cncls, doc_emplsn, hospital, empl_id, version]
[LOG] 2014-06-03 15:49:00,247 - org.hibernate.tool.hbm2ddl.TableMetadata -7245 [main] INFO  org.hibernate.tool.hbm2ddl.TableMetadata  - HHH000108: Foreign keys: [fk_dmb8fuxhru0gvyemy4lb5yfa, fk_owr4arajgldevevx1lwbwjia0, fk_pfm6drx0nf2dc6soobslw12qj]
[LOG] 2014-06-03 15:49:00,247 - org.hibernate.tool.hbm2ddl.TableMetadata -7245 [main] INFO  org.hibernate.tool.hbm2ddl.TableMetadata  - HHH000126: Indexes: [fk_dmb8fuxhru0gvyemy4lb5yfa, fk_owr4arajgldevevx1lwbwjia0, fk_pfm6drx0nf2dc6soobslw12qj, primary]
[LOG] 2014-06-03 15:49:00,255 - org.hibernate.tool.hbm2ddl.TableMetadata -7253 [main] INFO  org.hibernate.tool.hbm2ddl.TableMetadata  - HHH000261: Table found: haisodb0418.t_param
[LOG] 2014-06-03 15:49:00,255 - org.hibernate.tool.hbm2ddl.TableMetadata -7253 [main] INFO  org.hibernate.tool.hbm2ddl.TableMetadata  - HHH000037: Columns: [id, last_update, create_date, description, default_value, explanation, para_value, para_key, version_lock, p_type]
[LOG] 2014-06-03 15:49:00,255 - org.hibernate.tool.hbm2ddl.TableMetadata -7253 [main] INFO  org.hibernate.tool.hbm2ddl.TableMetadata  - HHH000108: Foreign keys: []
[LOG] 2014-06-03 15:49:00,256 - org.hibernate.tool.hbm2ddl.TableMetadata -7254 [main] INFO  org.hibernate.tool.hbm2ddl.TableMetadata  - HHH000126: Indexes: [primary]
[LOG] 2014-06-03 15:49:00,273 - org.hibernate.tool.hbm2ddl.TableMetadata -7271 [main] INFO  org.hibernate.tool.hbm2ddl.TableMetadata  - HHH000261: Table found: haisodb0418.t_person
[LOG] 2014-06-03 15:49:00,273 - org.hibernate.tool.hbm2ddl.TableMetadata -7271 [main] INFO  org.hibernate.tool.hbm2ddl.TableMetadata  - HHH000037: Columns: [sp_phone, phone, idcard_address, last_degree, idcard_num, sp_name, ec_name, idcard_ethnic, hukou_type, join_party_date, photo_path, version, id, married, last_major, weixin, name, ec_phone, updated_by, created_at, valid_until, qq, created_by, idcard_name, partisan, hometown, ec_address, updated_at, valid_start, email, postal_code, idcard_path, issue_auth, idcard_gender, resi_address, last_school, introduction, mobile]
[LOG] 2014-06-03 15:49:00,273 - org.hibernate.tool.hbm2ddl.TableMetadata -7271 [main] INFO  org.hibernate.tool.hbm2ddl.TableMetadata  - HHH000108: Foreign keys: []
[LOG] 2014-06-03 15:49:00,273 - org.hibernate.tool.hbm2ddl.TableMetadata -7271 [main] INFO  org.hibernate.tool.hbm2ddl.TableMetadata  - HHH000126: Indexes: [primary]
[LOG] 2014-06-03 15:49:00,287 - org.hibernate.tool.hbm2ddl.TableMetadata -7285 [main] INFO  org.hibernate.tool.hbm2ddl.TableMetadata  - HHH000261: Table found: haisodb0418.t_position
[LOG] 2014-06-03 15:49:00,287 - org.hibernate.tool.hbm2ddl.TableMetadata -7285 [main] INFO  org.hibernate.tool.hbm2ddl.TableMetadata  - HHH000037: Columns: [created_by, post_sequence, remark, version, id, dept_id, title, updated_at, amount_limit, created_at, updated_by, post_duty, post_sn]
[LOG] 2014-06-03 15:49:00,287 - org.hibernate.tool.hbm2ddl.TableMetadata -7285 [main] INFO  org.hibernate.tool.hbm2ddl.TableMetadata  - HHH000108: Foreign keys: [fk_lw19x8y1kpc78mu26vb670amf]
[LOG] 2014-06-03 15:49:00,287 - org.hibernate.tool.hbm2ddl.TableMetadata -7285 [main] INFO  org.hibernate.tool.hbm2ddl.TableMetadata  - HHH000126: Indexes: [primary, fk_lw19x8y1kpc78mu26vb670amf]
[LOG] 2014-06-03 15:49:00,296 - org.hibernate.tool.hbm2ddl.TableMetadata -7294 [main] INFO  org.hibernate.tool.hbm2ddl.TableMetadata  - HHH000261: Table found: haisodb0418.t_prsn_crtf
[LOG] 2014-06-03 15:49:00,296 - org.hibernate.tool.hbm2ddl.TableMetadata -7294 [main] INFO  org.hibernate.tool.hbm2ddl.TableMetadata  - HHH000037: Columns: [id, authority, person_id, name, crtf_sn, obtain_date, expiry_date, edu_id, version]
[LOG] 2014-06-03 15:49:00,296 - org.hibernate.tool.hbm2ddl.TableMetadata -7294 [main] INFO  org.hibernate.tool.hbm2ddl.TableMetadata  - HHH000108: Foreign keys: [fk_eh08c8g7jamqoc0f82c28e1kw, fk_n8d1o13077cop2vbmaev3cxml]
[LOG] 2014-06-03 15:49:00,296 - org.hibernate.tool.hbm2ddl.TableMetadata -7294 [main] INFO  org.hibernate.tool.hbm2ddl.TableMetadata  - HHH000126: Indexes: [fk_eh08c8g7jamqoc0f82c28e1kw, primary, fk_n8d1o13077cop2vbmaev3cxml]
[LOG] 2014-06-03 15:49:00,305 - org.hibernate.tool.hbm2ddl.TableMetadata -7303 [main] INFO  org.hibernate.tool.hbm2ddl.TableMetadata  - HHH000261: Table found: haisodb0418.t_prsn_edu
[LOG] 2014-06-03 15:49:00,305 - org.hibernate.tool.hbm2ddl.TableMetadata -7303 [main] INFO  org.hibernate.tool.hbm2ddl.TableMetadata  - HHH000037: Columns: [id, end_date, school, degree, person_id, qualify, start_date, major, version]
[LOG] 2014-06-03 15:49:00,305 - org.hibernate.tool.hbm2ddl.TableMetadata -7303 [main] INFO  org.hibernate.tool.hbm2ddl.TableMetadata  - HHH000108: Foreign keys: [fk_o9nr7kkifltui35qxnmpmrlau]
[LOG] 2014-06-03 15:49:00,305 - org.hibernate.tool.hbm2ddl.TableMetadata -7303 [main] INFO  org.hibernate.tool.hbm2ddl.TableMetadata  - HHH000126: Indexes: [primary, fk_o9nr7kkifltui35qxnmpmrlau]
[LOG] 2014-06-03 15:49:00,310 - org.hibernate.tool.hbm2ddl.TableMetadata -7308 [main] INFO  org.hibernate.tool.hbm2ddl.TableMetadata  - HHH000261: Table found: haisodb0418.t_prsn_info
[LOG] 2014-06-03 15:49:00,310 - org.hibernate.tool.hbm2ddl.TableMetadata -7308 [main] INFO  org.hibernate.tool.hbm2ddl.TableMetadata  - HHH000037: Columns: [id, version]
[LOG] 2014-06-03 15:49:00,311 - org.hibernate.tool.hbm2ddl.TableMetadata -7309 [main] INFO  org.hibernate.tool.hbm2ddl.TableMetadata  - HHH000108: Foreign keys: []
[LOG] 2014-06-03 15:49:00,311 - org.hibernate.tool.hbm2ddl.TableMetadata -7309 [main] INFO  org.hibernate.tool.hbm2ddl.TableMetadata  - HHH000126: Indexes: [primary]
[LOG] 2014-06-03 15:49:00,318 - org.hibernate.tool.hbm2ddl.TableMetadata -7316 [main] INFO  org.hibernate.tool.hbm2ddl.TableMetadata  - HHH000261: Table found: haisodb0418.t_prsn_sclrlt
[LOG] 2014-06-03 15:49:00,318 - org.hibernate.tool.hbm2ddl.TableMetadata -7316 [main] INFO  org.hibernate.tool.hbm2ddl.TableMetadata  - HHH000037: Columns: [position, id, phone, person_id, name, company, age, relation, version]
[LOG] 2014-06-03 15:49:00,318 - org.hibernate.tool.hbm2ddl.TableMetadata -7316 [main] INFO  org.hibernate.tool.hbm2ddl.TableMetadata  - HHH000108: Foreign keys: [fk_l5x3er82asx2lrq7ouadgn95o]
[LOG] 2014-06-03 15:49:00,318 - org.hibernate.tool.hbm2ddl.TableMetadata -7316 [main] INFO  org.hibernate.tool.hbm2ddl.TableMetadata  - HHH000126: Indexes: [fk_l5x3er82asx2lrq7ouadgn95o, primary]
[LOG] 2014-06-03 15:49:00,326 - org.hibernate.tool.hbm2ddl.TableMetadata -7324 [main] INFO  org.hibernate.tool.hbm2ddl.TableMetadata  - HHH000261: Table found: haisodb0418.t_prsn_wrkexp
[LOG] 2014-06-03 15:49:00,326 - org.hibernate.tool.hbm2ddl.TableMetadata -7324 [main] INFO  org.hibernate.tool.hbm2ddl.TableMetadata  - HHH000037: Columns: [position, id, end_date, person_id, com_address, com_phone, company, com_email, com_website, start_date, version]
[LOG] 2014-06-03 15:49:00,326 - org.hibernate.tool.hbm2ddl.TableMetadata -7324 [main] INFO  org.hibernate.tool.hbm2ddl.TableMetadata  - HHH000108: Foreign keys: [fk_5rkx5xc773wqoh9k0ab1yeah6]
[LOG] 2014-06-03 15:49:00,326 - org.hibernate.tool.hbm2ddl.TableMetadata -7324 [main] INFO  org.hibernate.tool.hbm2ddl.TableMetadata  - HHH000126: Indexes: [fk_5rkx5xc773wqoh9k0ab1yeah6, primary]
[LOG] 2014-06-03 15:49:00,333 - org.hibernate.tool.hbm2ddl.TableMetadata -7331 [main] INFO  org.hibernate.tool.hbm2ddl.TableMetadata  - HHH000261: Table found: haisodb0418.t_salary_add
[LOG] 2014-06-03 15:49:00,333 - org.hibernate.tool.hbm2ddl.TableMetadata -7331 [main] INFO  org.hibernate.tool.hbm2ddl.TableMetadata  - HHH000037: Columns: [amount, id, last_update, is_buckle, create_date, remark, salary_id, version_lock]
[LOG] 2014-06-03 15:49:00,333 - org.hibernate.tool.hbm2ddl.TableMetadata -7331 [main] INFO  org.hibernate.tool.hbm2ddl.TableMetadata  - HHH000108: Foreign keys: [fk_484s9sas23plu1iw0umqpih93]
[LOG] 2014-06-03 15:49:00,333 - org.hibernate.tool.hbm2ddl.TableMetadata -7331 [main] INFO  org.hibernate.tool.hbm2ddl.TableMetadata  - HHH000126: Indexes: [primary, fk_484s9sas23plu1iw0umqpih93]
[LOG] 2014-06-03 15:49:00,337 - org.hibernate.tool.hbm2ddl.SchemaUpdate -7335 [main] INFO  org.hibernate.tool.hbm2ddl.SchemaUpdate  - HHH000232: Schema update complete
[LOG] 2014-06-03 15:49:01,459 - org.springframework.mock.web.MockServletContext -8457 [main] INFO  org.springframework.mock.web.MockServletContext  - Initializing Spring FrameworkServlet ''
[LOG] 2014-06-03 15:49:01,459 - org.springframework.test.web.servlet.TestDispatcherServlet -8457 [main] INFO  org.springframework.test.web.servlet.TestDispatcherServlet  - FrameworkServlet '': initialization started
[LOG] 2014-06-03 15:49:01,966 - org.springframework.test.web.servlet.TestDispatcherServlet -8964 [main] INFO  org.springframework.test.web.servlet.TestDispatcherServlet  - FrameworkServlet '': initialization completed in 506 ms
[LOG] 2014-06-03 15:49:02,238 - org.reflections.Reflections -9236 [main] INFO  org.reflections.Reflections  - Reflections took 105 ms to scan 1 urls, producing 10 keys and 81 values 
[LOG] 2014-06-03 15:49:02,310 - org.reflections.Reflections -9308 [main] INFO  org.reflections.Reflections  - Reflections took 66 ms to scan 1 urls, producing 10 keys and 81 values 
[LOG] 2014-06-03 15:49:02,697 - org.reflections.Reflections -9695 [main] WARN  org.reflections.Reflections  - could not create Dir using directory from url file:/usr/lib/jvm/java-7-openjdk-amd64/jre/lib/ext/libatk-wrapper.so. skipping.
java.lang.RuntimeException: cannot use dir /usr/lib/jvm/java-7-openjdk-amd64/jre/lib/ext/libatk-wrapper.so
	at org.reflections.vfs.SystemDir.<init>(SystemDir.java:20)
	at org.reflections.vfs.Vfs$DefaultUrlTypes$3.createDir(Vfs.java:237)
	at org.reflections.vfs.Vfs.fromURL(Vfs.java:99)
	at org.reflections.vfs.Vfs.fromURL(Vfs.java:91)
	at org.reflections.Reflections.scan(Reflections.java:231)
	at org.reflections.Reflections.scan(Reflections.java:204)
	at org.reflections.Reflections.<init>(Reflections.java:129)
	at org.reflections.Reflections.<init>(Reflections.java:170)
	at org.reflections.Reflections.<init>(Reflections.java:143)
	at com.haiso.commons.utils.data.entityHelper.EntityUtils.getFieldsAnnotated(EntityUtils.java:37)
	at com.haiso.commons.utils.data.entityHelper.EntityUtils.getEmbeddedFields(EntityUtils.java:56)
	at com.haiso.hr.AppTests.testXmlMapping(AppTests.java:62)
	at sun.reflect.NativeMethodAccessorImpl.invoke0(Native Method)
	at sun.reflect.NativeMethodAccessorImpl.invoke(NativeMethodAccessorImpl.java:57)
	at sun.reflect.DelegatingMethodAccessorImpl.invoke(DelegatingMethodAccessorImpl.java:43)
	at java.lang.reflect.Method.invoke(Method.java:606)
	at org.junit.runners.model.FrameworkMethod$1.runReflectiveCall(FrameworkMethod.java:47)
	at org.junit.internal.runners.model.ReflectiveCallable.run(ReflectiveCallable.java:12)
	at org.junit.runners.model.FrameworkMethod.invokeExplosively(FrameworkMethod.java:44)
	at org.junit.internal.runners.statements.InvokeMethod.evaluate(InvokeMethod.java:17)
	at org.junit.internal.runners.statements.RunBefores.evaluate(RunBefores.java:26)
	at org.springframework.test.context.junit4.statements.RunBeforeTestMethodCallbacks.evaluate(RunBeforeTestMethodCallbacks.java:74)
	at org.springframework.test.context.junit4.statements.RunAfterTestMethodCallbacks.evaluate(RunAfterTestMethodCallbacks.java:83)
	at org.springframework.test.context.junit4.statements.SpringRepeat.evaluate(SpringRepeat.java:72)
	at org.springframework.test.context.junit4.SpringJUnit4ClassRunner.runChild(SpringJUnit4ClassRunner.java:233)
	at org.springframework.test.context.junit4.SpringJUnit4ClassRunner.runChild(SpringJUnit4ClassRunner.java:87)
	at org.junit.runners.ParentRunner$3.run(ParentRunner.java:238)
	at org.junit.runners.ParentRunner$1.schedule(ParentRunner.java:63)
	at org.junit.runners.ParentRunner.runChildren(ParentRunner.java:236)
	at org.junit.runners.ParentRunner.access$000(ParentRunner.java:53)
	at org.junit.runners.ParentRunner$2.evaluate(ParentRunner.java:229)
	at org.springframework.test.context.junit4.statements.RunBeforeTestClassCallbacks.evaluate(RunBeforeTestClassCallbacks.java:61)
	at org.springframework.test.context.junit4.statements.RunAfterTestClassCallbacks.evaluate(RunAfterTestClassCallbacks.java:71)
	at org.junit.runners.ParentRunner.run(ParentRunner.java:309)
	at org.springframework.test.context.junit4.SpringJUnit4ClassRunner.run(SpringJUnit4ClassRunner.java:176)
	at org.junit.runner.JUnitCore.run(JUnitCore.java:160)
	at com.intellij.junit4.JUnit4IdeaTestRunner.startRunnerWithArgs(JUnit4IdeaTestRunner.java:74)
	at com.intellij.rt.execution.junit.JUnitStarter.prepareStreamsAndStart(JUnitStarter.java:202)
	at com.intellij.rt.execution.junit.JUnitStarter.main(JUnitStarter.java:65)
[LOG] 2014-06-03 15:49:02,715 - org.reflections.Reflections -9713 [main] WARN  org.reflections.Reflections  - could not create Vfs.Dir from url. ignoring the exception and continuing
org.reflections.ReflectionsException: could not create Vfs.Dir from url, no matching UrlType was found [file:/usr/lib/jvm/java-7-openjdk-amd64/jre/lib/ext/libatk-wrapper.so]
either use fromURL(final URL url, final List<UrlType> urlTypes) or use the static setDefaultURLTypes(final List<UrlType> urlTypes) or addDefaultURLTypes(UrlType urlType) with your specialized UrlType.
	at org.reflections.vfs.Vfs.fromURL(Vfs.java:109)
	at org.reflections.vfs.Vfs.fromURL(Vfs.java:91)
	at org.reflections.Reflections.scan(Reflections.java:231)
	at org.reflections.Reflections.scan(Reflections.java:204)
	at org.reflections.Reflections.<init>(Reflections.java:129)
	at org.reflections.Reflections.<init>(Reflections.java:170)
	at org.reflections.Reflections.<init>(Reflections.java:143)
	at com.haiso.commons.utils.data.entityHelper.EntityUtils.getFieldsAnnotated(EntityUtils.java:37)
	at com.haiso.commons.utils.data.entityHelper.EntityUtils.getEmbeddedFields(EntityUtils.java:56)
	at com.haiso.hr.AppTests.testXmlMapping(AppTests.java:62)
	at sun.reflect.NativeMethodAccessorImpl.invoke0(Native Method)
	at sun.reflect.NativeMethodAccessorImpl.invoke(NativeMethodAccessorImpl.java:57)
	at sun.reflect.DelegatingMethodAccessorImpl.invoke(DelegatingMethodAccessorImpl.java:43)
	at java.lang.reflect.Method.invoke(Method.java:606)
	at org.junit.runners.model.FrameworkMethod$1.runReflectiveCall(FrameworkMethod.java:47)
	at org.junit.internal.runners.model.ReflectiveCallable.run(ReflectiveCallable.java:12)
	at org.junit.runners.model.FrameworkMethod.invokeExplosively(FrameworkMethod.java:44)
	at org.junit.internal.runners.statements.InvokeMethod.evaluate(InvokeMethod.java:17)
	at org.junit.internal.runners.statements.RunBefores.evaluate(RunBefores.java:26)
	at org.springframework.test.context.junit4.statements.RunBeforeTestMethodCallbacks.evaluate(RunBeforeTestMethodCallbacks.java:74)
	at org.springframework.test.context.junit4.statements.RunAfterTestMethodCallbacks.evaluate(RunAfterTestMethodCallbacks.java:83)
	at org.springframework.test.context.junit4.statements.SpringRepeat.evaluate(SpringRepeat.java:72)
	at org.springframework.test.context.junit4.SpringJUnit4ClassRunner.runChild(SpringJUnit4ClassRunner.java:233)
	at org.springframework.test.context.junit4.SpringJUnit4ClassRunner.runChild(SpringJUnit4ClassRunner.java:87)
	at org.junit.runners.ParentRunner$3.run(ParentRunner.java:238)
	at org.junit.runners.ParentRunner$1.schedule(ParentRunner.java:63)
	at org.junit.runners.ParentRunner.runChildren(ParentRunner.java:236)
	at org.junit.runners.ParentRunner.access$000(ParentRunner.java:53)
	at org.junit.runners.ParentRunner$2.evaluate(ParentRunner.java:229)
	at org.springframework.test.context.junit4.statements.RunBeforeTestClassCallbacks.evaluate(RunBeforeTestClassCallbacks.java:61)
	at org.springframework.test.context.junit4.statements.RunAfterTestClassCallbacks.evaluate(RunAfterTestClassCallbacks.java:71)
	at org.junit.runners.ParentRunner.run(ParentRunner.java:309)
	at org.springframework.test.context.junit4.SpringJUnit4ClassRunner.run(SpringJUnit4ClassRunner.java:176)
	at org.junit.runner.JUnitCore.run(JUnitCore.java:160)
	at com.intellij.junit4.JUnit4IdeaTestRunner.startRunnerWithArgs(JUnit4IdeaTestRunner.java:74)
	at com.intellij.rt.execution.junit.JUnitStarter.prepareStreamsAndStart(JUnitStarter.java:202)
	at com.intellij.rt.execution.junit.JUnitStarter.main(JUnitStarter.java:65)
[LOG] 2014-06-03 15:49:02,753 - org.reflections.Reflections -9751 [main] INFO  org.reflections.Reflections  - Reflections took 434 ms to scan 115 urls, producing 3 keys and 20 values 
[LOG] 2014-06-03 15:49:02,769 - org.springframework.web.context.support.GenericWebApplicationContext -9767 [Thread-1] INFO  org.springframework.web.context.support.GenericWebApplicationContext  - Closing org.springframework.web.context.support.GenericWebApplicationContext@15502c5e: startup date [Tue Jun 03 15:48:55 CST 2014]; root of context hierarchy
[LOG] 2014-06-03 15:49:02,790 - org.springframework.orm.jpa.LocalContainerEntityManagerFactoryBean -9788 [Thread-1] INFO  org.springframework.orm.jpa.LocalContainerEntityManagerFactoryBean  - Closing JPA EntityManagerFactory for persistence unit 'default'
